2025-01-24 18:00:52 - Batch execution of Solana Python scripts started.
2025-01-24 18:00:52 - Executing 1_val_pay_vals_from_localwallet.py...
Sent 1 SOL to ./val1-keypair.json. Transaction Signature: SendTransactionResp(Signature(a3Q5X8C2aNcDTEay8kwjFZn5QEMNjuheEpccnbXPz7YSSZ28RqTX3nRyLaWEeXcGMckKiTwcTxgbNkXEb8Nzr3W))
Sent 1 SOL to ./val2-keypair.json. Transaction Signature: SendTransactionResp(Signature(3P9kY7YBgyQetBUC2Fa4seXxbFKryuCVyY33apimNMh4SEUbnP4ZBsq63rxDSkqbKJjFD6rrzMWeZTV4D7Qd7tfo))
Sent 1 SOL to ./val3-keypair.json. Transaction Signature: SendTransactionResp(Signature(5vpqc3ENUjZYn1s8AvrkHXsxx58pFeC3Uz5oUP7jA8QzuGt695oSjHGSVsYgShZoA3Yaxp7xyddLUZWt1JpXoJNr))
Sent 1 SOL to ./val4-keypair.json. Transaction Signature: SendTransactionResp(Signature(T1g7fvWX91gnAdrUanThVBDm7nJMsaV5tiqtJFomVykyzwKRWewm56cGgKp98CYjDn4GXn4Pike29Fa4ZtfMZHB))
Sent 1 SOL to ./val5-keypair.json. Transaction Signature: SendTransactionResp(Signature(56dMTKZgxay7iwPHjaKuRoL3aD2nD2vfmesNDcCGeyf2fqQSwyppk565DBUoA3Wz1gfcDMXUyGFHYV9r4L3umokp))
Sent 1 SOL to ./val6-keypair.json. Transaction Signature: SendTransactionResp(Signature(dyEKvsFF87athmXgc2bNMJ2MekSqoTztdHkdbWhnuLvcrcXFu5V1ZQ4Jkemt8TVW5Np12Z1iZE37kxPuV2VMRr9))
2025-01-24 18:00:53 - 1_val_pay_vals_from_localwallet.py executed successfully.
2025-01-24 18:00:53 - Executing 2_scraper2.py...
Querying master server for TFC servers...
Request timed out
Number of unique TFC servers found: 87
Querying server: 172.83.159.2:27015
Querying server: 5.78.115.59:27015
Querying server: 54.188.146.29:27015
Querying server: 97.94.129.234:34531
Querying server: 54.153.40.112:27015
Querying server: 98.210.109.153:27015
Querying server: 192.169.85.163:27015
Querying server: 192.169.85.101:27015
Querying server: 66.33.9.184:27015
Querying server: 204.57.27.76:27015
Querying server: 76.195.132.49:25590
Querying server: 162.251.97.85:27040
Saved SuperMario.json in player_keys/
Saved SuperLuigi.json in player_keys/
Saved Hosea.json in player_keys/
Saved Rere.json in player_keys/
Saved BotTronics.json in player_keys/
Saved Jeep.json in player_keys/
Saved Dead_Cold.json in player_keys/
Saved TheUndying.json in player_keys/
Saved Devi0us.json in player_keys/
Saved satman2499.json in player_keys/
Saved oneredflag.json in player_keys/
Saved smokeyhermit.json in player_keys/
Saved mudbogger2.json in player_keys/
Saved Tis.json in player_keys/
Saved WornOutTire.json in player_keys/
Saved eecjr0914.json in player_keys/
Querying server: 108.61.119.170:27015
Saved yashua.json in player_keys/
Saved HoNduH.json in player_keys/
Saved Beetlebomb.json in player_keys/
Saved Steve.json in player_keys/
Saved aaronsbarons.json in player_keys/
Saved astrocreep2000.json in player_keys/
Saved KenMll.json in player_keys/
Saved nathanll382.json in player_keys/
Saved Nitr0s0x.json in player_keys/
Saved Mars19.json in player_keys/
Saved Makaveli.json in player_keys/
Saved Limpan.json in player_keys/
Saved Bradley1968.json in player_keys/
Saved ImSoLame.json in player_keys/
Saved Dotcom.json in player_keys/
Saved BoBtheServercom27021.json in player_keys/
Saved Highlander.json in player_keys/
Saved DrEvil.json in player_keys/
Saved Mallory.json in player_keys/
Saved Cherrybomb.json in player_keys/
Saved Woodhouse.json in player_keys/
Saved Grizz.json in player_keys/
Saved Sterling.json in player_keys/
Saved Ray.json in player_keys/
Saved MolotovCocktease.json in player_keys/
Saved Pikachu.json in player_keys/
Saved Duchess.json in player_keys/
Saved Viper.json in player_keys/
Saved choad.json in player_keys/
Saved DeathDog.json in player_keys/
Querying server: 74.91.114.206:28888
Saved TFPugsWESTHLTV.json in player_keys/
Querying server: 66.25.218.38:27015
Saved BurgerSlapper.json in player_keys/
Saved EverySinglePowerRanger.json in player_keys/
Saved Gemmy.json in player_keys/
Saved Player.json in player_keys/
Saved Chode_Chiggler.json in player_keys/
Saved Merv.json in player_keys/
Saved NapoleonDynamo.json in player_keys/
Saved GandalfTheGray.json in player_keys/
Querying server: 68.232.160.177:27015
Querying server: 45.32.207.158:27015
Saved CofCTV.json in player_keys/
Querying server: 45.32.203.198:27035
Saved MrWalnutsTinyNut.json in player_keys/
Saved Goldyspotofgold.json in player_keys/
Saved RedRebelsLargeCannon.json in player_keys/
Saved PastyGangstasShive.json in player_keys/
Saved HarleysFlagPirate.json in player_keys/
Saved BooBooCowsSexyVoice.json in player_keys/
Querying server: 208.115.255.4:27015
Saved PlayaHata.json in player_keys/
Saved Ted.json in player_keys/
Saved AOL.json in player_keys/
Saved MoFugger.json in player_keys/
Querying server: 192.169.81.179:27015
Saved Ian.json in player_keys/
Saved Curtis.json in player_keys/
Saved Spanka.json in player_keys/
Saved Steave.json in player_keys/
Saved AntiHuman.json in player_keys/
Saved BillGates.json in player_keys/
Saved SPACEY.json in player_keys/
Saved DrDeath.json in player_keys/
Saved Brit.json in player_keys/
Saved NXS.json in player_keys/
Saved BoBtheServercom27020.json in player_keys/
Saved DrVenture.json in player_keys/
Saved OtherBarry.json in player_keys/
Saved Barry.json in player_keys/
Saved Dean.json in player_keys/
Saved Kreiger.json in player_keys/
Saved Pugsley.json in player_keys/
Saved Hank.json in player_keys/
Querying server: 74.63.236.204:27015
Querying server: 63.143.56.124:27015
Saved Hey.json in player_keys/
Querying server: 108.181.63.74:27019
Querying server: 74.91.113.200:27015
Saved Jack.json in player_keys/
Saved Iam.json in player_keys/
Saved No.json in player_keys/
Querying server: 74.91.122.11:27015
Querying server: 192.223.26.238:27001
Saved Skuttlebot.json in player_keys/
Querying server: 74.91.119.101:27015
Querying server: 74.91.115.161:27015
Saved Rafkin.json in player_keys/
Saved Triolo.json in player_keys/
Saved Harnna.json in player_keys/
Saved Blackthorn.json in player_keys/
Saved Marcy.json in player_keys/
Saved Spectre.json in player_keys/
Saved Maxwell.json in player_keys/
Saved Delphynia.json in player_keys/
Saved Tyball.json in player_keys/
Saved TimeLord.json in player_keys/
Querying server: 74.91.119.150:27015
Saved Molly.json in player_keys/
Saved Dex.json in player_keys/
Saved ironman.json in player_keys/
Saved Spock.json in player_keys/
Saved Scotty.json in player_keys/
Saved CyberCop.json in player_keys/
Saved Kane.json in player_keys/
Saved Kangaka.json in player_keys/
Saved Angi3.json in player_keys/
Saved RikiTikiTavi.json in player_keys/
Querying server: 74.91.113.234:27015
Querying server: 72.133.96.85:27018
Saved Austin.json in player_keys/
Saved YoMama.json in player_keys/
Saved ElLobstero.json in player_keys/
Querying server: 24.166.16.145:27022
Querying server: 205.196.43.194:27050
Saved dub.json in player_keys/
Saved AGOODCHODEISAHEAVYCHODE.json in player_keys/
Saved TootToot.json in player_keys/
Saved Noodles.json in player_keys/
Saved machete.json in player_keys/
Saved --OsiriS.json in player_keys/
Saved Scorpion.json in player_keys/
Saved Twitty.json in player_keys/
Saved Ruffy.json in player_keys/
Saved bellyTART.json in player_keys/
Saved DickFingers.json in player_keys/
Saved FightingFi.json in player_keys/
Querying server: 92.119.129.204:27016
Saved HotPurple789.json in player_keys/
Saved Meegle64.json in player_keys/
Saved OohGooBooguSwampWierdo.json in player_keys/
Saved HanzzYolo.json in player_keys/
Saved DENTENGER.json in player_keys/
Saved WinZip.json in player_keys/
Saved NuraMarcko.json in player_keys/
Saved Patreoncom1999TFC.json in player_keys/
Saved CO.json in player_keys/
Saved Chief.json in player_keys/
Saved Colonel.json in player_keys/
Saved Tanker.json in player_keys/
Querying server: 142.44.148.157:53000
Querying server: 149.56.29.125:27017
Querying server: 75.97.192.109:27015
Saved InhouseHLTV.json in player_keys/
Querying server: 172.233.224.83:27016
Saved FFL-TV.json in player_keys/
Querying server: 34.206.24.63:27020
Saved hellohltv.json in player_keys/
Querying server: 44.202.103.140:27015
Querying server: 129.158.218.251:27015
Saved MrFloorPie.json in player_keys/
Saved MrMani.json in player_keys/
Saved MrPhalanx.json in player_keys/
Saved MrBruno.json in player_keys/
Saved MrGhey.json in player_keys/
Saved MrOpossum.json in player_keys/
Saved MrThunder.json in player_keys/
Saved MrGiga.json in player_keys/
Saved MrNimda.json in player_keys/
Saved MrP4r4l4x.json in player_keys/
Saved MrWhat.json in player_keys/
Saved MrOrtega.json in player_keys/
Saved MrSwede.json in player_keys/
Saved MrTom.json in player_keys/
Saved MrNuggs.json in player_keys/
Saved Mr-X-.json in player_keys/
Saved rainniiiiiieeeee.json in player_keys/
Saved Botnamedkid.json in player_keys/
Saved OsamaBeenLaggin.json in player_keys/
Saved FartLover25.json in player_keys/
Querying server: 69.251.134.183:27017
Querying server: 50.116.59.192:27020
Querying server: 23.148.232.35:27285
Saved Playa.json in player_keys/
Saved JesseJames.json in player_keys/
Querying server: 104.207.129.123:27020
Saved Bruno.json in player_keys/
Saved Phalanx.json in player_keys/
Saved AR.json in player_keys/
Saved RiFFRaFF.json in player_keys/
Saved Jehster.json in player_keys/
Saved DePo.json in player_keys/
Saved MighTy.json in player_keys/
Saved SheDevil.json in player_keys/
Saved Nimda.json in player_keys/
Saved -X-.json in player_keys/
Saved Avenger.json in player_keys/
Saved PaRallax.json in player_keys/
Saved eve.json in player_keys/
Saved What.json in player_keys/
Saved SF49ers.json in player_keys/
Saved Merrick.json in player_keys/
Querying server: 172.93.101.194:27015
Querying server: 69.10.36.10:28015
Saved TFPugsEASTNYCHLTV.json in player_keys/
Saved lh.json in player_keys/
Saved 19402.json in player_keys/
Querying server: 64.31.28.179:27015
Saved hellouoau.json in player_keys/
Querying server: 64.31.28.157:27025
Querying server: 64.31.28.203:27015
Saved rk.json in player_keys/
Saved LEVEL1TFCGOD.json in player_keys/
Saved JasonDesu.json in player_keys/
Saved light.json in player_keys/
Saved SGBTD.json in player_keys/
Saved Doug.json in player_keys/
Saved twitchtvgamewatchparty.json in player_keys/
Saved DP.json in player_keys/
Saved b.json in player_keys/
Saved jagz.json in player_keys/
Saved TFPugsEAST2HLTV.json in player_keys/
Querying server: 74.91.123.162:27005
Querying server: 192.223.24.233:27015
Querying server: 74.91.123.34:27015
Querying server: 74.91.116.214:27015
Saved rupp.json in player_keys/
Saved Mashadaar.json in player_keys/
Querying server: 167.88.44.161:27015
Querying server: 38.40.74.41:27020
Querying server: 73.62.23.150:27015
Saved DeadShort.json in player_keys/
Saved Harley.json in player_keys/
Querying server: 45.77.162.42:27020
Saved ImmortanJoe.json in player_keys/
Saved nese.json in player_keys/
Saved ChromeDome.json in player_keys/
Saved bk.json in player_keys/
Saved FadeMi6-EE.json in player_keys/
Saved JackHammer.json in player_keys/
Saved XenOz3r0xT.json in player_keys/
Saved HogHd.json in player_keys/
Saved Pelushi.json in player_keys/
Saved Fred.json in player_keys/
Saved BooBooCow.json in player_keys/
Saved Ir8Pauly.json in player_keys/
Saved player.json in player_keys/
Saved LG-5150.json in player_keys/
Saved thuperduperthexy.json in player_keys/
Saved bruh.json in player_keys/
Saved sexuaIobject.json in player_keys/
Saved GoatsinSuggestivePositions.json in player_keys/
Saved LionWeight.json in player_keys/
Saved RogerRamJet.json in player_keys/
Saved D2F-HLTV.json in player_keys/
Saved Jim.json in player_keys/
Saved Harold.json in player_keys/
Saved Terry.json in player_keys/
Saved Percy.json in player_keys/
Saved Charles.json in player_keys/
Saved Dexter.json in player_keys/
Saved David.json in player_keys/
Saved Samuel.json in player_keys/
Saved Kevin.json in player_keys/
Saved Cartman.json in player_keys/
Saved Timmy.json in player_keys/
Saved Rosco.json in player_keys/
Saved MrMan.json in player_keys/
Saved SmellULater.json in player_keys/
Saved Muon.json in player_keys/
Saved RainMan.json in player_keys/
Saved Alfonzo.json in player_keys/
Saved MaTTy.json in player_keys/
Saved Gibbs.json in player_keys/
Saved Smett.json in player_keys/
Saved jhood.json in player_keys/
Saved PV-XR.json in player_keys/
Saved Dawn.json in player_keys/
Saved Dragonair.json in player_keys/
Saved wolfeet1337.json in player_keys/
Saved bmonkey.json in player_keys/
Saved Chef.json in player_keys/
Saved Reloaded-HLTV.json in player_keys/
Saved Reloaded-Staff.json in player_keys/
Saved TlNY.json in player_keys/
Saved AgentMulder.json in player_keys/
Saved WololoMonk.json in player_keys/
Saved AdrianShephard.json in player_keys/
Saved CaptainPicard.json in player_keys/
Saved RyoHazuki.json in player_keys/
Saved TommyVercetti.json in player_keys/
Saved InternetExplorer.json in player_keys/
Saved LoWang.json in player_keys/
Saved PeterGriffin.json in player_keys/
Saved TheDude.json in player_keys/
Saved Sonic.json in player_keys/
Querying server: 178.32.3.3:27004
Saved JeandeMetz.json in player_keys/
Saved HenryIII.json in player_keys/
Saved HeloisedArgenteuil.json in player_keys/
Saved HughCountofVermandois.json in player_keys/
Saved PhiliptheFair.json in player_keys/
Saved ThomasBecket.json in player_keys/
Saved EleanorofAquitaine.json in player_keys/
Saved InnocentIII.json in player_keys/
Saved EdwardIII.json in player_keys/
Saved HenrytheYoungKing.json in player_keys/
Saved PetertheHermit.json in player_keys/
Saved PeterAbelard.json in player_keys/
Saved BlancheofCastile.json in player_keys/
Saved RichardtheLionheartI.json in player_keys/
Saved AlexiosIKomnenos.json in player_keys/
Saved VascodaGama.json in player_keys/
Querying server: 192.248.163.247:27015
Querying server: 82.165.193.67:27015
Querying server: 51.195.252.162:27020
Querying server: 145.239.6.180:27000
Saved Kenny.json in player_keys/
Saved Kyle.json in player_keys/
Saved Stan.json in player_keys/
Saved Jimbo.json in player_keys/
Saved Ned.json in player_keys/
Saved Butters.json in player_keys/
Saved Tweak.json in player_keys/
Querying server: 145.239.6.111:27050
Querying server: 88.97.252.184:27015
Querying server: 188.165.244.220:27030
Querying server: 5.196.63.134:27015
Saved Lance.json in player_keys/
Saved Pop.json in player_keys/
Saved RoystonVaseyTV.json in player_keys/
Querying server: 90.110.222.80:27016
Querying server: 194.163.156.183:27015
Saved WORLDSbestskillServertv.json in player_keys/
Saved JuliuS_CaesaR.json in player_keys/
Saved chinodechina.json in player_keys/
Saved EUHLTV.json in player_keys/
Querying server: 217.160.162.135:27019
Querying server: 79.207.101.159:27017
Saved Rock.json in player_keys/
Querying server: 4.185.106.208:27015
Saved CheatsRGay.json in player_keys/
Saved Gordon.json in player_keys/
Saved Grubber.json in player_keys/
Saved DeadSurfer.json in player_keys/
Querying server: 89.36.216.8:27017
Querying server: 116.202.113.50:27117
Saved TVS.json in player_keys/
Saved M0rph1n3.json in player_keys/
Saved John_McClane.json in player_keys/
Saved SAS_Commando.json in player_keys/
Saved Seven_of_Nine.json in player_keys/
Saved Titan.json in player_keys/
Saved Barry_Gibb.json in player_keys/
Saved Mario.json in player_keys/
Saved Victor_Meldrew.json in player_keys/
Saved Frank_Drebin.json in player_keys/
Saved HeadShot.json in player_keys/
Saved Stimpy.json in player_keys/
Saved Spaminator.json in player_keys/
Saved 133t_Ha0r.json in player_keys/
Querying server: 94.130.132.169:27079
Querying server: 136.243.174.101:27216
Saved HLTV-discordgggTxXDuGGTg.json in player_keys/
Querying server: 116.202.113.54:27022
Saved ElonMusk.json in player_keys/
Saved Doge1.json in player_keys/
Saved Doge5.json in player_keys/
Saved Doge2.json in player_keys/
Saved Doge6.json in player_keys/
Saved Doge3.json in player_keys/
Saved Doge7.json in player_keys/
Querying server: 213.133.103.125:27285
Saved BOT_BlunderbussBoss.json in player_keys/
Saved BOT_Caleb.json in player_keys/
Saved BOT_Bizitch.json in player_keys/
Saved m3dicMaestro.json in player_keys/
Saved PlasmaPhantom.json in player_keys/
Saved BOT_Cardinal.json in player_keys/
Saved BOT_QuickDrawKid.json in player_keys/
Saved BOT_Naomi.json in player_keys/
Saved BOT_MadMedic.json in player_keys/
Saved BOT_AOL.json in player_keys/
Saved BOT_TFC_Tactician.json in player_keys/
Saved BOT_RainMan.json in player_keys/
Saved BOT_Grubber.json in player_keys/
Saved BOT_FUBAR.json in player_keys/
Saved BOT_LiLPimP.json in player_keys/
Saved BOT_Dave.json in player_keys/
Saved BOT_Spaminator.json in player_keys/
Saved BOT_Gordon.json in player_keys/
Saved BOT_Romeo.json in player_keys/
Saved BOT_SmellULater.json in player_keys/
Saved BOT_Brit.json in player_keys/
Saved BOT_SpawnKiller.json in player_keys/
Saved FlameFury.json in player_keys/
Saved BOT_NXS.json in player_keys/
Saved BOT_Ian.json in player_keys/
Saved BOT_Clay.json in player_keys/
Saved BOT_DeathDealerX.json in player_keys/
Saved BOT_SniperElite.json in player_keys/
Saved StickyFingers.json in player_keys/
Saved SpeedyScout.json in player_keys/
Saved BOT_Sonic.json in player_keys/
Querying server: 89.179.240.119:27065
Saved HotBoy.json in player_keys/
Saved SmArT.json in player_keys/
Saved stan1a2.json in player_keys/
Saved MIKO_Satpaev.json in player_keys/
Saved yuliya.json in player_keys/
Saved satroN.json in player_keys/
Saved yellowPUSSY.json in player_keys/
Saved GaMeRzZ.json in player_keys/
Saved monsteriux.json in player_keys/
Saved L0ST.json in player_keys/
Saved Russian_Dude.json in player_keys/
Saved DiMkA_LaGeR.json in player_keys/
Querying server: 70.34.244.247:27915
Querying server: 220.130.108.125:27012
Querying server: 181.192.79.104:27024
Querying server: 121.99.240.213:27018
Querying server: 13.236.204.222:27016
Querying server: 202.169.104.136:43216
Querying server: 51.161.212.218:27020
Querying server: 169.254.122.19:18528
Saved LMFCrow.json in player_keys/
Saved LMFSpeedFire.json in player_keys/
Saved -GY-Godman.json in player_keys/
Saved LMFEve.json in player_keys/
Saved -GY-Mooneyes.json in player_keys/
Saved LMFRaptor.json in player_keys/
Saved -GY-CHAO.json in player_keys/
Saved LMFLung.json in player_keys/
Saved -GY-KnifeFat.json in player_keys/
Saved -GY-flower.json in player_keys/
Saved -GY-GoodGA.json in player_keys/
Saved LMFHWC.json in player_keys/
Saved LMFPiuleto.json in player_keys/
Saved LMFspeed-fire_.json in player_keys/
Saved -GY-Timo.json in player_keys/
Saved LMFyangjj.json in player_keys/
Saved -GY-COVI.json in player_keys/
Saved LMF87CT.json in player_keys/
Saved LMFDenny.json in player_keys/
Saved LMFPenny.json in player_keys/
Saved Albert.json in player_keys/
Saved Chickenlegs.json in player_keys/
Saved geniousatwork.json in player_keys/
Saved Dave.json in player_keys/
Saved Herb.json in player_keys/
Saved BigDaddy.json in player_keys/
Saved Ernie.json in player_keys/
Saved tibu.json in player_keys/
Failed to query server at 76.195.132.49:25590: timed out
Failed to query server at 149.56.29.125:27017: timed out
Failed to query server at 75.97.192.109:27015: timed out
Failed to query server at 79.207.101.159:27017: timed out
Failed to query server at 169.254.122.19:18528: timed out

All player data has been saved individually in the player_keys/ folder.
2025-01-24 18:01:19 - 2_scraper2.py executed successfully.
2025-01-24 18:01:19 - Executing 3_test_fancoin.py...
Traceback (most recent call last):
  File "/home/devuan/Desktop/dev/Solana_Dev/fancoin/scripts/3_test_fancoin.py", line 389, in main
    await register_player_pda(
  File "/home/devuan/Desktop/dev/Solana_Dev/fancoin/scripts/3_test_fancoin.py", line 251, in register_player_pda
    tx_sig = await program.rpc["register_player_pda"](
             ^^^^^^^^^^^^^^^^^^^^^^^^^^^^^^^^^^^^^^^^^
  File "/home/devuan/Desktop/dev/Solana_Dev/venv2/lib/python3.11/site-packages/anchorpy/program/namespace/rpc.py", line 58, in rpc_fn
    tx = tx_fn(
         ^^^^^^
  File "/home/devuan/Desktop/dev/Solana_Dev/venv2/lib/python3.11/site-packages/anchorpy/program/namespace/transaction.py", line 56, in tx_fn
    ixns.append(ix_fn(*args, ctx=ctx))
                ^^^^^^^^^^^^^^^^^^^^^
  File "/home/devuan/Desktop/dev/Solana_Dev/venv2/lib/python3.11/site-packages/anchorpy/program/namespace/instruction.py", line 64, in __call__
    validate_accounts(self.idl_ix.accounts, ctx.accounts)
  File "/home/devuan/Desktop/dev/Solana_Dev/venv2/lib/python3.11/site-packages/anchorpy/program/common.py", line 76, in validate_accounts
    raise ValueError(f"Invalid arguments: {acc_name} not provided")
ValueError: Invalid arguments: player_name_pda not provided
Setting up provider and loading program...
Program loaded successfully.
Initializing DApp account...
DApp PDA: pgR7gQmWjRC99twVwnB2v51iUPVne6gGVt6wQNv1NWD, Bump: 254
DApp initialized successfully. Transaction Signature: 4dhJJsi1XNh8dokEoc3jdcfmL754GcRWYtih1iKTExGGUEgWKFqD1wP2UmXqPaBmeKzmbwzpreWPRKjW24RFVUMz

Initializing Mint for DApp...
InitializeMint => Transaction Signature: Xzq7AvNmQYbWysnggQwStPVBsLSMRAJBitBhg5vhQsmRUc8YbgLU6x5xZRY8xavJxPUa2SjcrZkqFksgPz94thx
The variable has been written to output.txt

Initializing Game account...
Game PDA: 3vEkrbp9HCRPs1YMWeb3mk3sRa3EZKv4gCjXNyuW6cNe, Bump: 255
Game initialized successfully. Transaction Signature: 39SHek97NCB31F12UDPv7je5qd4wQxzF3WY89o44bwB2Ki1ygbj4KhSj9zF9C6T5XJK2APqTVkxqz2tkg9yN3VzG

Registering a new Validator PDA (user-based seeds)...
[DEBUG] Derived validator_pda = AeyppVe3FdjDpiF9HtBTiDdWXCfZ6qjyfGDNcTSL3zFF
[DEBUG] Derived validator ATA: BSTskAHTDUNpecgCYDuNefJCKnJzbJx3KsvGabdkBv7i
ValidatorPda registered => AeyppVe3FdjDpiF9HtBTiDdWXCfZ6qjyfGDNcTSL3zFF. Tx Sig: 5qBDx6KFkU9qKTRkR1qHjq4c3nSZUrR4xt5krG5KHRKgYWau68tj8PSQ32ozHcYFLcabZDge2E6jr4b8zumbNZKL

Punching In as Validator...
Punched in successfully. Transaction Signature: 2ngxKPiEzwvjSFHBmvFsEZfvRGBiYQYEyr83iqe2QoJ3iMZ5XyMSpb5hUzqMVtZe6JH69eZ8SXi14Ma2bdgL2xGr

Registering a new Player PDA...
[DEBUG] dapp.global_player_count = 0
[DEBUG] Derived player_pda = HxEUP5whv4KdhM7xR7Zpd4iJ2tG4wxvPymii39ZUD9pT, Bump = 255
[DEBUG] Derived user_ata = 2jpnzvAdF9bGcy6H4aQsbJG1LQDdWXT2YnWPYDTTmogq
An unexpected error occurred.
Invalid arguments: player_name_pda not provided
Closed Solana RPC client.
2025-01-24 18:01:22 - 3_test_fancoin.py executed successfully.
2025-01-24 18:01:22 - Executing 4_test_fancoin_2.py...
Traceback (most recent call last):
  File "/home/devuan/Desktop/dev/Solana_Dev/fancoin/scripts/4_test_fancoin_2.py", line 389, in main
    await register_player_pda(
  File "/home/devuan/Desktop/dev/Solana_Dev/fancoin/scripts/4_test_fancoin_2.py", line 251, in register_player_pda
    tx_sig = await program.rpc["register_player_pda"](
             ^^^^^^^^^^^^^^^^^^^^^^^^^^^^^^^^^^^^^^^^^
  File "/home/devuan/Desktop/dev/Solana_Dev/venv2/lib/python3.11/site-packages/anchorpy/program/namespace/rpc.py", line 58, in rpc_fn
    tx = tx_fn(
         ^^^^^^
  File "/home/devuan/Desktop/dev/Solana_Dev/venv2/lib/python3.11/site-packages/anchorpy/program/namespace/transaction.py", line 56, in tx_fn
    ixns.append(ix_fn(*args, ctx=ctx))
                ^^^^^^^^^^^^^^^^^^^^^
  File "/home/devuan/Desktop/dev/Solana_Dev/venv2/lib/python3.11/site-packages/anchorpy/program/namespace/instruction.py", line 64, in __call__
    validate_accounts(self.idl_ix.accounts, ctx.accounts)
  File "/home/devuan/Desktop/dev/Solana_Dev/venv2/lib/python3.11/site-packages/anchorpy/program/common.py", line 76, in validate_accounts
    raise ValueError(f"Invalid arguments: {acc_name} not provided")
ValueError: Invalid arguments: player_name_pda not provided
Setting up provider and loading program...
Program loaded successfully.
Initializing DApp account...
DApp PDA: pgR7gQmWjRC99twVwnB2v51iUPVne6gGVt6wQNv1NWD, Bump: 254
DApp account already exists. Skipping initialization.

Initializing Mint for DApp...
Mint + MintAuthority accounts already exist; skipping.
The variable has been written to output.txt

Initializing Game account...
Game PDA: 3vEkrbp9HCRPs1YMWeb3mk3sRa3EZKv4gCjXNyuW6cNe, Bump: 255
Game account already exists. Skipping initialization.

Registering a new Validator PDA (user-based seeds)...
[DEBUG] Derived validator_pda = 4HqsDmzs9re4abxJ2DrCsRvAFSsNZufe5bzQ95ayaSWn
[DEBUG] Derived validator ATA: 3Wb87K7YDLVhxy5hBFmAersaK21na5a1dVs2yfsvJCEs
ValidatorPda registered => 4HqsDmzs9re4abxJ2DrCsRvAFSsNZufe5bzQ95ayaSWn. Tx Sig: 2xhaUQDzQ3qgkrd8x2TuwaLsNWS64cUP16QJHbwJgc4wvuu4DzirkpWGNz1Ztha3vZVvnzJBrehuBoWJEF1ThZ3t

Punching In as Validator...
Punched in successfully. Transaction Signature: 4womNfhmrU5HwKFRxuYk2gfXFnCBsdJFGwadQ5mf4iqhgdCTcsZgzUvbnrxQLqKxwJZiuD89qYhJNiBwDuebz5Uy

Registering a new Player PDA...
[DEBUG] dapp.global_player_count = 0
[DEBUG] Derived player_pda = HxEUP5whv4KdhM7xR7Zpd4iJ2tG4wxvPymii39ZUD9pT, Bump = 255
[DEBUG] Derived user_ata = 2jpnzvAdF9bGcy6H4aQsbJG1LQDdWXT2YnWPYDTTmogq
An unexpected error occurred.
Invalid arguments: player_name_pda not provided
Closed Solana RPC client.
2025-01-24 18:01:24 - 4_test_fancoin_2.py executed successfully.
2025-01-24 18:01:24 - Executing punch_in.py...
Program loaded successfully.
Game PDA => 3vEkrbp9HCRPs1YMWeb3mk3sRa3EZKv4gCjXNyuW6cNe
Validator PDA => AeyppVe3FdjDpiF9HtBTiDdWXCfZ6qjyfGDNcTSL3zFF

Punching In as Validator...
[SUCCESS] Punched in. Transaction Signature: bxnxpH9NvNUNqxFHixcpRgyCapWc1P3hM43JrENJowHkNxop5uEsRb6jxqsQ1ddWNKmRmGbMbQo46rbm9WTZvHu
Closed Solana RPC client.
2025-01-24 18:01:25 - punch_in.py executed successfully.
2025-01-24 18:01:25 - Executing punch_in2.py...
Program loaded successfully.
Game PDA => 3vEkrbp9HCRPs1YMWeb3mk3sRa3EZKv4gCjXNyuW6cNe
Validator PDA => 4HqsDmzs9re4abxJ2DrCsRvAFSsNZufe5bzQ95ayaSWn

Punching In as Validator...
[SUCCESS] Punched in. Transaction Signature: 4m3wQDPkfNQfRqYvKackr8aNWd4QmATHwy239uzZSp8mkUpLaM4aKvh9EyY9etYZafVxX35RXWwnkWgPcW23pTiw
Closed Solana RPC client.
2025-01-24 18:01:26 - punch_in2.py executed successfully.
2025-01-24 18:01:26 - Executing bulk_register_players.py...
Payer wallet balance: 499999989695976520 lamports
Program loaded successfully.
[DEBUG] Using dapp_pda=pgR7gQmWjRC99twVwnB2v51iUPVne6gGVt6wQNv1NWD

[INFO] Registering player => LMFspeed-fire_ with pubkey Gap1gZ5R98RZ7i6awf6htwvuzKMDe3ayx897ev3oFLcy
[DEBUG] Derived reward_pubkey (ATA) => CnswJnG4XZu8568u2kAorsgAB7pWRAg1UGtsqdkMZkz7 for player LMFspeed-fire_
[INFO] Airdropping 10000000 lamports to Gap1gZ5R98RZ7i6awf6htwvuzKMDe3ayx897ev3oFLcy
Sent 10000000 lamports to Gap1gZ5R98RZ7i6awf6htwvuzKMDe3ayx897ev3oFLcy. Transaction Signature: SendTransactionResp(Signature(zUnWjgKXetBveh6h4Pq13cZkpiB7WxkVHv1dXUtEXRB5W4ksDSw3vk8GzucCCrT237gE1kCgSYwED49qyyb33wF))
Type of resp: <class 'solders.rpc.responses.SendTransactionResp'>
Contents of resp: SendTransactionResp(Signature(zUnWjgKXetBveh6h4Pq13cZkpiB7WxkVHv1dXUtEXRB5W4ksDSw3vk8GzucCCrT237gE1kCgSYwED49qyyb33wF))
[DEBUG] No compute units info found in logs.
Confirmed airdrop transaction zUnWjgKXetBveh6h4Pq13cZkpiB7WxkVHv1dXUtEXRB5W4ksDSw3vk8GzucCCrT237gE1kCgSYwED49qyyb33wF for Gap1gZ5R98RZ7i6awf6htwvuzKMDe3ayx897ev3oFLcy
[SUCCESS] Airdropped 10000000 lamports to Gap1gZ5R98RZ7i6awf6htwvuzKMDe3ayx897ev3oFLcy. Tx Sig: zUnWjgKXetBveh6h4Pq13cZkpiB7WxkVHv1dXUtEXRB5W4ksDSw3vk8GzucCCrT237gE1kCgSYwED49qyyb33wF
[DEBUG] Player Gap1gZ5R98RZ7i6awf6htwvuzKMDe3ayx897ev3oFLcy balance: 10000000 lamports
[DEBUG] current_count from on-chain DApp = 0
[DEBUG] Derived player_pda => HxEUP5whv4KdhM7xR7Zpd4iJ2tG4wxvPymii39ZUD9pT
[DEBUG] user_ata => CnswJnG4XZu8568u2kAorsgAB7pWRAg1UGtsqdkMZkz7 for player LMFspeed-fire_
[DEBUG] Derived player_name_pda => 4eSVS4qhtt98phViFjaJFz7Ji24PZ5Cym3JSfSWu3uBV
Player 'LMFspeed-fire_' => PlayerPda registered. Tx Sig: 3HZs6Vq6RbTCMmPKEtSvTM2Pf6jM1DpLowsx6r9Ct4wj7W43yAKxkmjrynsU8VK6Q7iYcETcsCDv7WpvwfLQFw33
[DEBUG] Compute units => 1622/166439
[DEBUG] On-chain owner of ATA = TokenkegQfeZyiNwAJbNbGKPFXCWuBvf9Ss623VQ5DA
[INFO] ATA CnswJnG4XZu8568u2kAorsgAB7pWRAg1UGtsqdkMZkz7 is correctly owned by the Token Program.
[INFO] ATA CnswJnG4XZu8568u2kAorsgAB7pWRAg1UGtsqdkMZkz7 authority field matches the player's wallet: Gap1gZ5R98RZ7i6awf6htwvuzKMDe3ayx897ev3oFLcy
[INFO] Player 'LMFspeed-fire_' registration and ATA verification completed.

[INFO] Registering player => hellouoau with pubkey 3by8mp4zvVUecpAVpmnrjoLUpj3DHY3MgwMFHAVoMaB3
[DEBUG] Derived reward_pubkey (ATA) => 5dsyr1Sht3jGjEbXfe261VZwDHjUwXx7mVfj9bDtWAPN for player hellouoau
[INFO] Airdropping 10000000 lamports to 3by8mp4zvVUecpAVpmnrjoLUpj3DHY3MgwMFHAVoMaB3
Sent 10000000 lamports to 3by8mp4zvVUecpAVpmnrjoLUpj3DHY3MgwMFHAVoMaB3. Transaction Signature: SendTransactionResp(Signature(5mz3c9oQ97zhBwSeJXoMF3jubTREz6abkaXBDadgrbgQKpTCDijguP73FcFrb2iedPtzMmB7MkCduUpx2aNCorD))
Type of resp: <class 'solders.rpc.responses.SendTransactionResp'>
Contents of resp: SendTransactionResp(Signature(5mz3c9oQ97zhBwSeJXoMF3jubTREz6abkaXBDadgrbgQKpTCDijguP73FcFrb2iedPtzMmB7MkCduUpx2aNCorD))
[DEBUG] No compute units info found in logs.
Confirmed airdrop transaction 5mz3c9oQ97zhBwSeJXoMF3jubTREz6abkaXBDadgrbgQKpTCDijguP73FcFrb2iedPtzMmB7MkCduUpx2aNCorD for 3by8mp4zvVUecpAVpmnrjoLUpj3DHY3MgwMFHAVoMaB3
[SUCCESS] Airdropped 10000000 lamports to 3by8mp4zvVUecpAVpmnrjoLUpj3DHY3MgwMFHAVoMaB3. Tx Sig: 5mz3c9oQ97zhBwSeJXoMF3jubTREz6abkaXBDadgrbgQKpTCDijguP73FcFrb2iedPtzMmB7MkCduUpx2aNCorD
[DEBUG] Player 3by8mp4zvVUecpAVpmnrjoLUpj3DHY3MgwMFHAVoMaB3 balance: 10000000 lamports
[DEBUG] current_count from on-chain DApp = 1
[DEBUG] Derived player_pda => D4jJ7z4bC6MtJzwkWPAkkK7TF3StYk3MhgV2kp4eM2k7
[DEBUG] user_ata => 5dsyr1Sht3jGjEbXfe261VZwDHjUwXx7mVfj9bDtWAPN for player hellouoau
[DEBUG] Derived player_name_pda => 9MSn8vN5uEcyNNanHX3qpRzLpzYfRJbuVYuYQCDazfBe
Player 'hellouoau' => PlayerPda registered. Tx Sig: CDSreSoPaaVBXHdUVJvAFqkEh8qa19w9wZpyaeKMM1DRWfJUmky1eduGM6sLUyGXDpQbZh9KZ17uYtRf7EB6VPR
[DEBUG] Compute units => 1622/169684
[DEBUG] On-chain owner of ATA = TokenkegQfeZyiNwAJbNbGKPFXCWuBvf9Ss623VQ5DA
[INFO] ATA 5dsyr1Sht3jGjEbXfe261VZwDHjUwXx7mVfj9bDtWAPN is correctly owned by the Token Program.
[INFO] ATA 5dsyr1Sht3jGjEbXfe261VZwDHjUwXx7mVfj9bDtWAPN authority field matches the player's wallet: 3by8mp4zvVUecpAVpmnrjoLUpj3DHY3MgwMFHAVoMaB3
[INFO] Player 'hellouoau' registration and ATA verification completed.

[INFO] Registering player => LionWeight with pubkey Arkop4rQBG6VfXXiPcpuanvzzkDsNJsycoqZWCFMVegS
[DEBUG] Derived reward_pubkey (ATA) => FfVrriuyGs7HLQwxqyHCivPFejpHATtWqdMXs7LoV7Aq for player LionWeight
[INFO] Airdropping 10000000 lamports to Arkop4rQBG6VfXXiPcpuanvzzkDsNJsycoqZWCFMVegS
Sent 10000000 lamports to Arkop4rQBG6VfXXiPcpuanvzzkDsNJsycoqZWCFMVegS. Transaction Signature: SendTransactionResp(Signature(3D1KyonTzsNPzoTaiMCSbk5XfX9CATJ97m3PxeEJZ3kxt5wMy9PLhJpNr9Hbrozqi5a1f4zUcfUBLVh9cvsVQR2))
Type of resp: <class 'solders.rpc.responses.SendTransactionResp'>
Contents of resp: SendTransactionResp(Signature(3D1KyonTzsNPzoTaiMCSbk5XfX9CATJ97m3PxeEJZ3kxt5wMy9PLhJpNr9Hbrozqi5a1f4zUcfUBLVh9cvsVQR2))
[DEBUG] No compute units info found in logs.
Confirmed airdrop transaction 3D1KyonTzsNPzoTaiMCSbk5XfX9CATJ97m3PxeEJZ3kxt5wMy9PLhJpNr9Hbrozqi5a1f4zUcfUBLVh9cvsVQR2 for Arkop4rQBG6VfXXiPcpuanvzzkDsNJsycoqZWCFMVegS
[SUCCESS] Airdropped 10000000 lamports to Arkop4rQBG6VfXXiPcpuanvzzkDsNJsycoqZWCFMVegS. Tx Sig: 3D1KyonTzsNPzoTaiMCSbk5XfX9CATJ97m3PxeEJZ3kxt5wMy9PLhJpNr9Hbrozqi5a1f4zUcfUBLVh9cvsVQR2
[DEBUG] Player Arkop4rQBG6VfXXiPcpuanvzzkDsNJsycoqZWCFMVegS balance: 10000000 lamports
[DEBUG] current_count from on-chain DApp = 2
[DEBUG] Derived player_pda => 5HoM3YVv8eRLTYdeDQ4MTfTkZFgNq7tob8rrJxFvwnU4
[DEBUG] user_ata => FfVrriuyGs7HLQwxqyHCivPFejpHATtWqdMXs7LoV7Aq for player LionWeight
[DEBUG] Derived player_name_pda => GSDN8BQB5a7z6kwne7HmkipPEhabRdaymdoFEduuoxZN
Player 'LionWeight' => PlayerPda registered. Tx Sig: 44FiADJuRKhGgnmgdfV1XG97cYMYXzzfdTuWL5GozEnushdtrM43a4TAoHQbgHZ2QMobSnT8RN4V9q4y7jYYD8V2
[DEBUG] Compute units => 1622/157627
[DEBUG] On-chain owner of ATA = TokenkegQfeZyiNwAJbNbGKPFXCWuBvf9Ss623VQ5DA
[INFO] ATA FfVrriuyGs7HLQwxqyHCivPFejpHATtWqdMXs7LoV7Aq is correctly owned by the Token Program.
[INFO] ATA FfVrriuyGs7HLQwxqyHCivPFejpHATtWqdMXs7LoV7Aq authority field matches the player's wallet: Arkop4rQBG6VfXXiPcpuanvzzkDsNJsycoqZWCFMVegS
[INFO] Player 'LionWeight' registration and ATA verification completed.

[INFO] Registering player => Ted with pubkey AqouTSKBctj2bmdjjR5dxhW9L9U6UYnLZCXgGvP7L4xB
[DEBUG] Derived reward_pubkey (ATA) => H6E5ppkQjS4JeK1veAmMmheH2NVtknQPubR4oUnJtAjg for player Ted
[INFO] Airdropping 10000000 lamports to AqouTSKBctj2bmdjjR5dxhW9L9U6UYnLZCXgGvP7L4xB
Sent 10000000 lamports to AqouTSKBctj2bmdjjR5dxhW9L9U6UYnLZCXgGvP7L4xB. Transaction Signature: SendTransactionResp(Signature(4YR4pyJejsTKwVy9udaSMWL4m4UwYSRSatjsHytniL1k73jawTvkfVtkGCW3d4Xxz1eTagSGyMmPwDTdWXFspuRG))
Type of resp: <class 'solders.rpc.responses.SendTransactionResp'>
Contents of resp: SendTransactionResp(Signature(4YR4pyJejsTKwVy9udaSMWL4m4UwYSRSatjsHytniL1k73jawTvkfVtkGCW3d4Xxz1eTagSGyMmPwDTdWXFspuRG))
[DEBUG] No compute units info found in logs.
Confirmed airdrop transaction 4YR4pyJejsTKwVy9udaSMWL4m4UwYSRSatjsHytniL1k73jawTvkfVtkGCW3d4Xxz1eTagSGyMmPwDTdWXFspuRG for AqouTSKBctj2bmdjjR5dxhW9L9U6UYnLZCXgGvP7L4xB
[SUCCESS] Airdropped 10000000 lamports to AqouTSKBctj2bmdjjR5dxhW9L9U6UYnLZCXgGvP7L4xB. Tx Sig: 4YR4pyJejsTKwVy9udaSMWL4m4UwYSRSatjsHytniL1k73jawTvkfVtkGCW3d4Xxz1eTagSGyMmPwDTdWXFspuRG
[DEBUG] Player AqouTSKBctj2bmdjjR5dxhW9L9U6UYnLZCXgGvP7L4xB balance: 10000000 lamports
[DEBUG] current_count from on-chain DApp = 3
[DEBUG] Derived player_pda => AMaTAimPhkM6fnVhfrSYw5fG3GFfLMP6eLkZrA3nB2uN
[DEBUG] user_ata => H6E5ppkQjS4JeK1veAmMmheH2NVtknQPubR4oUnJtAjg for player Ted
[DEBUG] Derived player_name_pda => 7WbMc6k96u4en8ZaVkbSvF9Cq41fFgiFQonb6M57JRu1
Player 'Ted' => PlayerPda registered. Tx Sig: 5AkF6UifwmZ39LgCU5fZ8b4T47f5XJWwRJSYx5n6SoR2zEfzoppeHCstwFmL6V226LnQgtQgsUdxEnFnAwRJaEm6
[DEBUG] Compute units => 1622/163783
[DEBUG] On-chain owner of ATA = TokenkegQfeZyiNwAJbNbGKPFXCWuBvf9Ss623VQ5DA
[INFO] ATA H6E5ppkQjS4JeK1veAmMmheH2NVtknQPubR4oUnJtAjg is correctly owned by the Token Program.
[INFO] ATA H6E5ppkQjS4JeK1veAmMmheH2NVtknQPubR4oUnJtAjg authority field matches the player's wallet: AqouTSKBctj2bmdjjR5dxhW9L9U6UYnLZCXgGvP7L4xB
[INFO] Player 'Ted' registration and ATA verification completed.

[INFO] Registering player => CofCTV with pubkey 3y24si3XDidxRnmfYTt2mZTxWca9Y3PbswDkSNiHNvW9
[DEBUG] Derived reward_pubkey (ATA) => 79MBumrY91SGShq5KAjbuEtsUUoMDuqpjt7UxWfXB5Nc for player CofCTV
[INFO] Airdropping 10000000 lamports to 3y24si3XDidxRnmfYTt2mZTxWca9Y3PbswDkSNiHNvW9
Sent 10000000 lamports to 3y24si3XDidxRnmfYTt2mZTxWca9Y3PbswDkSNiHNvW9. Transaction Signature: SendTransactionResp(Signature(65eS5CZb826qUej4HUZw6H7NWrcFmPE2pthQSHrnrC9sbUcqfLrAYmkXjL9H3kBSxm2MFnxoD9QfKPD7xxVCZ6g8))
Type of resp: <class 'solders.rpc.responses.SendTransactionResp'>
Contents of resp: SendTransactionResp(Signature(65eS5CZb826qUej4HUZw6H7NWrcFmPE2pthQSHrnrC9sbUcqfLrAYmkXjL9H3kBSxm2MFnxoD9QfKPD7xxVCZ6g8))
[DEBUG] No compute units info found in logs.
Confirmed airdrop transaction 65eS5CZb826qUej4HUZw6H7NWrcFmPE2pthQSHrnrC9sbUcqfLrAYmkXjL9H3kBSxm2MFnxoD9QfKPD7xxVCZ6g8 for 3y24si3XDidxRnmfYTt2mZTxWca9Y3PbswDkSNiHNvW9
[SUCCESS] Airdropped 10000000 lamports to 3y24si3XDidxRnmfYTt2mZTxWca9Y3PbswDkSNiHNvW9. Tx Sig: 65eS5CZb826qUej4HUZw6H7NWrcFmPE2pthQSHrnrC9sbUcqfLrAYmkXjL9H3kBSxm2MFnxoD9QfKPD7xxVCZ6g8
[DEBUG] Player 3y24si3XDidxRnmfYTt2mZTxWca9Y3PbswDkSNiHNvW9 balance: 10000000 lamports
[DEBUG] current_count from on-chain DApp = 4
[DEBUG] Derived player_pda => 6o1zkVtjg1mKMFeRiQ1VWws3vKJhUru9mrz8ufKvWnfa
[DEBUG] user_ata => 79MBumrY91SGShq5KAjbuEtsUUoMDuqpjt7UxWfXB5Nc for player CofCTV
[DEBUG] Derived player_name_pda => 73GhCsaZqBiXW3uwe3Yu3cyeaU8iQNFjGdQeecMkeG42
Player 'CofCTV' => PlayerPda registered. Tx Sig: 4PLw1KHwC83pY8CHJvDBWzKbNsh1yg3dZ7rBvfebgDVaEgb5L51iSbaN7fEdUpEi7tBwRMqZoWLctQ4R6LJpEMBN
[DEBUG] Compute units => 1622/166624
[DEBUG] On-chain owner of ATA = TokenkegQfeZyiNwAJbNbGKPFXCWuBvf9Ss623VQ5DA
[INFO] ATA 79MBumrY91SGShq5KAjbuEtsUUoMDuqpjt7UxWfXB5Nc is correctly owned by the Token Program.
[INFO] ATA 79MBumrY91SGShq5KAjbuEtsUUoMDuqpjt7UxWfXB5Nc authority field matches the player's wallet: 3y24si3XDidxRnmfYTt2mZTxWca9Y3PbswDkSNiHNvW9
[INFO] Player 'CofCTV' registration and ATA verification completed.

[INFO] Registering player => Gordon with pubkey 7SxC5phGTRogn6dYcWdpm2FQ6PRUUZjVQ1LF4saPzz91
[DEBUG] Derived reward_pubkey (ATA) => 2qzbEXXFG2QxaiL5mDk8npjnQs5RM52D49rS8tSwgzjj for player Gordon
[INFO] Airdropping 10000000 lamports to 7SxC5phGTRogn6dYcWdpm2FQ6PRUUZjVQ1LF4saPzz91
Sent 10000000 lamports to 7SxC5phGTRogn6dYcWdpm2FQ6PRUUZjVQ1LF4saPzz91. Transaction Signature: SendTransactionResp(Signature(3qXwcFoUkTXJK7qhPN4SuNAhFWLF1RTp6pZezNAqx3Nr9NvUSi8FQDmC7aF9uATgNycCPBv8hatL9U32HZzFePat))
Type of resp: <class 'solders.rpc.responses.SendTransactionResp'>
Contents of resp: SendTransactionResp(Signature(3qXwcFoUkTXJK7qhPN4SuNAhFWLF1RTp6pZezNAqx3Nr9NvUSi8FQDmC7aF9uATgNycCPBv8hatL9U32HZzFePat))
[DEBUG] No compute units info found in logs.
Confirmed airdrop transaction 3qXwcFoUkTXJK7qhPN4SuNAhFWLF1RTp6pZezNAqx3Nr9NvUSi8FQDmC7aF9uATgNycCPBv8hatL9U32HZzFePat for 7SxC5phGTRogn6dYcWdpm2FQ6PRUUZjVQ1LF4saPzz91
[SUCCESS] Airdropped 10000000 lamports to 7SxC5phGTRogn6dYcWdpm2FQ6PRUUZjVQ1LF4saPzz91. Tx Sig: 3qXwcFoUkTXJK7qhPN4SuNAhFWLF1RTp6pZezNAqx3Nr9NvUSi8FQDmC7aF9uATgNycCPBv8hatL9U32HZzFePat
[DEBUG] Player 7SxC5phGTRogn6dYcWdpm2FQ6PRUUZjVQ1LF4saPzz91 balance: 10000000 lamports
[DEBUG] current_count from on-chain DApp = 5
[DEBUG] Derived player_pda => 5vmhzSYgNXS1H42GVpyEM7t6HNVSB24gke9A6VgTDrZ2
[DEBUG] user_ata => 2qzbEXXFG2QxaiL5mDk8npjnQs5RM52D49rS8tSwgzjj for player Gordon
[DEBUG] Derived player_name_pda => 49gNJcnSTUBCy3mGLhcDPkQQYWv1PkkWo8KYDNZ1uq5p
Player 'Gordon' => PlayerPda registered. Tx Sig: 4kWtATKcRHv2ouqkkbog1AKQ7L4U9d6BpnGqzCJAM7RVUeCTUJyBZwhyEQLPiCBKoLbcYrEU6Ag6nayPYJCrysM
[DEBUG] Compute units => 1622/166624
[DEBUG] On-chain owner of ATA = TokenkegQfeZyiNwAJbNbGKPFXCWuBvf9Ss623VQ5DA
[INFO] ATA 2qzbEXXFG2QxaiL5mDk8npjnQs5RM52D49rS8tSwgzjj is correctly owned by the Token Program.
[INFO] ATA 2qzbEXXFG2QxaiL5mDk8npjnQs5RM52D49rS8tSwgzjj authority field matches the player's wallet: 7SxC5phGTRogn6dYcWdpm2FQ6PRUUZjVQ1LF4saPzz91
[INFO] Player 'Gordon' registration and ATA verification completed.

[INFO] Registering player => astrocreep2000 with pubkey 9B9DZcFp1ZYWHkiKHhJuQyaBqWcLkah1aX14ExppCkmZ
[DEBUG] Derived reward_pubkey (ATA) => 9JMAfVPHJeVhxiTZSmoVuRdSTacd3gwjFdmU5xVFeKjP for player astrocreep2000
[INFO] Airdropping 10000000 lamports to 9B9DZcFp1ZYWHkiKHhJuQyaBqWcLkah1aX14ExppCkmZ
Sent 10000000 lamports to 9B9DZcFp1ZYWHkiKHhJuQyaBqWcLkah1aX14ExppCkmZ. Transaction Signature: SendTransactionResp(Signature(5YSKopzdkhmTTWow2gJFzSTLeLLHmSKFKRCsPRh4RWJKbuk6iWh3xC9MykLZ8GWpKkFr5qjdBQpSgZdbcSabbtTk))
Type of resp: <class 'solders.rpc.responses.SendTransactionResp'>
Contents of resp: SendTransactionResp(Signature(5YSKopzdkhmTTWow2gJFzSTLeLLHmSKFKRCsPRh4RWJKbuk6iWh3xC9MykLZ8GWpKkFr5qjdBQpSgZdbcSabbtTk))
[DEBUG] No compute units info found in logs.
Confirmed airdrop transaction 5YSKopzdkhmTTWow2gJFzSTLeLLHmSKFKRCsPRh4RWJKbuk6iWh3xC9MykLZ8GWpKkFr5qjdBQpSgZdbcSabbtTk for 9B9DZcFp1ZYWHkiKHhJuQyaBqWcLkah1aX14ExppCkmZ
[SUCCESS] Airdropped 10000000 lamports to 9B9DZcFp1ZYWHkiKHhJuQyaBqWcLkah1aX14ExppCkmZ. Tx Sig: 5YSKopzdkhmTTWow2gJFzSTLeLLHmSKFKRCsPRh4RWJKbuk6iWh3xC9MykLZ8GWpKkFr5qjdBQpSgZdbcSabbtTk
[DEBUG] Player 9B9DZcFp1ZYWHkiKHhJuQyaBqWcLkah1aX14ExppCkmZ balance: 10000000 lamports
[DEBUG] current_count from on-chain DApp = 6
[DEBUG] Derived player_pda => EyFR5XFCuqZS4k8WyWmE73dHwNn2xuLv3qXjiZNrJH1z
[DEBUG] user_ata => 9JMAfVPHJeVhxiTZSmoVuRdSTacd3gwjFdmU5xVFeKjP for player astrocreep2000
[DEBUG] Derived player_name_pda => GZSvchENzZdSUksqdhbojvkg2X5KeHF5p1Mrnw1Ty2KL
Player 'astrocreep2000' => PlayerPda registered. Tx Sig: 51EdqJ6bntg3fZsz3ijKB6LMtJHtZ8Mpyuy1bV5VhwCsBGbWRQ8NjaMRhZrYPnEBVxnxKBjHWu674Gyvz27nv3U3
[DEBUG] Compute units => 1622/163439
[DEBUG] On-chain owner of ATA = TokenkegQfeZyiNwAJbNbGKPFXCWuBvf9Ss623VQ5DA
[INFO] ATA 9JMAfVPHJeVhxiTZSmoVuRdSTacd3gwjFdmU5xVFeKjP is correctly owned by the Token Program.
[INFO] ATA 9JMAfVPHJeVhxiTZSmoVuRdSTacd3gwjFdmU5xVFeKjP authority field matches the player's wallet: 9B9DZcFp1ZYWHkiKHhJuQyaBqWcLkah1aX14ExppCkmZ
[INFO] Player 'astrocreep2000' registration and ATA verification completed.

[INFO] Registering player => Dex with pubkey 4GaULCfsobcjaht7rXFT8u5kssTyKmDHyGeNajsVz7zz
[DEBUG] Derived reward_pubkey (ATA) => 12VLcVJCEDqBnhXjAjSpkDK5wvnDNnCGEbY5DpFViT6g for player Dex
[INFO] Airdropping 10000000 lamports to 4GaULCfsobcjaht7rXFT8u5kssTyKmDHyGeNajsVz7zz
Sent 10000000 lamports to 4GaULCfsobcjaht7rXFT8u5kssTyKmDHyGeNajsVz7zz. Transaction Signature: SendTransactionResp(Signature(5rbg6npE9whQ6hTYHE5P2xiy5x5LWHhTTcnVPu6A7czjmrcTRS3Ajfu553f2wzS2tVKdrxf8zQevyAiv77Jpvu77))
Type of resp: <class 'solders.rpc.responses.SendTransactionResp'>
Contents of resp: SendTransactionResp(Signature(5rbg6npE9whQ6hTYHE5P2xiy5x5LWHhTTcnVPu6A7czjmrcTRS3Ajfu553f2wzS2tVKdrxf8zQevyAiv77Jpvu77))
[DEBUG] No compute units info found in logs.
Confirmed airdrop transaction 5rbg6npE9whQ6hTYHE5P2xiy5x5LWHhTTcnVPu6A7czjmrcTRS3Ajfu553f2wzS2tVKdrxf8zQevyAiv77Jpvu77 for 4GaULCfsobcjaht7rXFT8u5kssTyKmDHyGeNajsVz7zz
[SUCCESS] Airdropped 10000000 lamports to 4GaULCfsobcjaht7rXFT8u5kssTyKmDHyGeNajsVz7zz. Tx Sig: 5rbg6npE9whQ6hTYHE5P2xiy5x5LWHhTTcnVPu6A7czjmrcTRS3Ajfu553f2wzS2tVKdrxf8zQevyAiv77Jpvu77
[DEBUG] Player 4GaULCfsobcjaht7rXFT8u5kssTyKmDHyGeNajsVz7zz balance: 10000000 lamports
[DEBUG] current_count from on-chain DApp = 7
[DEBUG] Derived player_pda => C7hPQ66PsT6KqNAesFYLFWNqGS5jSP9CSdn8z5XfprYf
[DEBUG] user_ata => 12VLcVJCEDqBnhXjAjSpkDK5wvnDNnCGEbY5DpFViT6g for player Dex
[DEBUG] Derived player_name_pda => 6wqV1aZ5n56x6QUsvuN6cmLCpRHiAkcrpin2JHKkCeu6
Player 'Dex' => PlayerPda registered. Tx Sig: 2xANviwaiDp8KtzHYJMfw9AP7CJ1y4VnPiv9KQ9fLBHqG559PccVCjT3Skxzsrxvq8BrgSikGz9WZbqGXtBY4pcJ
[DEBUG] Compute units => 1622/154783
[DEBUG] On-chain owner of ATA = TokenkegQfeZyiNwAJbNbGKPFXCWuBvf9Ss623VQ5DA
[INFO] ATA 12VLcVJCEDqBnhXjAjSpkDK5wvnDNnCGEbY5DpFViT6g is correctly owned by the Token Program.
[INFO] ATA 12VLcVJCEDqBnhXjAjSpkDK5wvnDNnCGEbY5DpFViT6g authority field matches the player's wallet: 4GaULCfsobcjaht7rXFT8u5kssTyKmDHyGeNajsVz7zz
[INFO] Player 'Dex' registration and ATA verification completed.

[INFO] Registering player => Rock with pubkey 4dNHHQ2bMtrjNWtqNsTUTzDTMahNS7boVaxoVqnS3Qcy
[DEBUG] Derived reward_pubkey (ATA) => 4bPUz8dAt5fATEMeirui4Cvgj2A4HcRbDN2ZfdtspswA for player Rock
[INFO] Airdropping 10000000 lamports to 4dNHHQ2bMtrjNWtqNsTUTzDTMahNS7boVaxoVqnS3Qcy
Sent 10000000 lamports to 4dNHHQ2bMtrjNWtqNsTUTzDTMahNS7boVaxoVqnS3Qcy. Transaction Signature: SendTransactionResp(Signature(2d3iVrauBFXeALQeo249zAkJKSyXvTBKRgTbED3XxpTaeZwnqUGvxjeCoAEhH7QceZGD3BZUbrUTvFdCooZT6Hki))
Type of resp: <class 'solders.rpc.responses.SendTransactionResp'>
Contents of resp: SendTransactionResp(Signature(2d3iVrauBFXeALQeo249zAkJKSyXvTBKRgTbED3XxpTaeZwnqUGvxjeCoAEhH7QceZGD3BZUbrUTvFdCooZT6Hki))
[DEBUG] No compute units info found in logs.
Confirmed airdrop transaction 2d3iVrauBFXeALQeo249zAkJKSyXvTBKRgTbED3XxpTaeZwnqUGvxjeCoAEhH7QceZGD3BZUbrUTvFdCooZT6Hki for 4dNHHQ2bMtrjNWtqNsTUTzDTMahNS7boVaxoVqnS3Qcy
[SUCCESS] Airdropped 10000000 lamports to 4dNHHQ2bMtrjNWtqNsTUTzDTMahNS7boVaxoVqnS3Qcy. Tx Sig: 2d3iVrauBFXeALQeo249zAkJKSyXvTBKRgTbED3XxpTaeZwnqUGvxjeCoAEhH7QceZGD3BZUbrUTvFdCooZT6Hki
[DEBUG] Player 4dNHHQ2bMtrjNWtqNsTUTzDTMahNS7boVaxoVqnS3Qcy balance: 10000000 lamports
[DEBUG] current_count from on-chain DApp = 8
[DEBUG] Derived player_pda => 39zZRVfmwD42c5k9otbxUJdfPnZs4LzmkE4w9qsB6MnG
[DEBUG] user_ata => 4bPUz8dAt5fATEMeirui4Cvgj2A4HcRbDN2ZfdtspswA for player Rock
[DEBUG] Derived player_name_pda => HBhJu8gLCdgLZ9bdLZTzWzVbKJxwc4RAyANyFtemmnC3
Player 'Rock' => PlayerPda registered. Tx Sig: 541nDCt3Yo7esbTbHm1PGnwxEqn2CA3Uc5AzsVM9toyuXjhGaU8dcfnchF4tDFBf1Kfkm9Njtws3Aa2EgZ9ptTNz
[DEBUG] Compute units => 1622/168238
[DEBUG] On-chain owner of ATA = TokenkegQfeZyiNwAJbNbGKPFXCWuBvf9Ss623VQ5DA
[INFO] ATA 4bPUz8dAt5fATEMeirui4Cvgj2A4HcRbDN2ZfdtspswA is correctly owned by the Token Program.
[INFO] ATA 4bPUz8dAt5fATEMeirui4Cvgj2A4HcRbDN2ZfdtspswA authority field matches the player's wallet: 4dNHHQ2bMtrjNWtqNsTUTzDTMahNS7boVaxoVqnS3Qcy
[INFO] Player 'Rock' registration and ATA verification completed.

[INFO] Registering player => Noodles with pubkey 7Gwd8GzgwVX3urg6rRtr2fim2eHjxRHhYwFBoLiroFK9
[DEBUG] Derived reward_pubkey (ATA) => DPvpu3pVC68htWzqtKxCLABTJZRxxfRWSCeTk7DxRk8r for player Noodles
[INFO] Airdropping 10000000 lamports to 7Gwd8GzgwVX3urg6rRtr2fim2eHjxRHhYwFBoLiroFK9
Sent 10000000 lamports to 7Gwd8GzgwVX3urg6rRtr2fim2eHjxRHhYwFBoLiroFK9. Transaction Signature: SendTransactionResp(Signature(4X3bkCUXzggtNSHeumcpkDY8obfy77DE3VgNY5ahf6LwqLQaiYvougyek3YNvgNM6EAVpY68fra5hkrPMZe2FRKz))
Type of resp: <class 'solders.rpc.responses.SendTransactionResp'>
Contents of resp: SendTransactionResp(Signature(4X3bkCUXzggtNSHeumcpkDY8obfy77DE3VgNY5ahf6LwqLQaiYvougyek3YNvgNM6EAVpY68fra5hkrPMZe2FRKz))
[DEBUG] No compute units info found in logs.
Confirmed airdrop transaction 4X3bkCUXzggtNSHeumcpkDY8obfy77DE3VgNY5ahf6LwqLQaiYvougyek3YNvgNM6EAVpY68fra5hkrPMZe2FRKz for 7Gwd8GzgwVX3urg6rRtr2fim2eHjxRHhYwFBoLiroFK9
[SUCCESS] Airdropped 10000000 lamports to 7Gwd8GzgwVX3urg6rRtr2fim2eHjxRHhYwFBoLiroFK9. Tx Sig: 4X3bkCUXzggtNSHeumcpkDY8obfy77DE3VgNY5ahf6LwqLQaiYvougyek3YNvgNM6EAVpY68fra5hkrPMZe2FRKz
[DEBUG] Player 7Gwd8GzgwVX3urg6rRtr2fim2eHjxRHhYwFBoLiroFK9 balance: 10000000 lamports
[DEBUG] current_count from on-chain DApp = 9
[DEBUG] Derived player_pda => 2D6c57rWzfXEtpoEDE6u8yikNrR9n1pG85wHTnqTYLAa
[DEBUG] user_ata => DPvpu3pVC68htWzqtKxCLABTJZRxxfRWSCeTk7DxRk8r for player Noodles
[DEBUG] Derived player_name_pda => iXg8xjtTQoUGGXbGkQAJSLazEuPjKsnUahjHe8juKhp
Player 'Noodles' => PlayerPda registered. Tx Sig: 5mCMJvUmnZaMAH6XE3AehWY8z7CfYGtGgmEZ1gaa9budrXetLFK7Xig5zuJe1VMtCMixZTcJLTqmXFHfdTSZfgsa
[DEBUG] Compute units => 1622/163567
[DEBUG] On-chain owner of ATA = TokenkegQfeZyiNwAJbNbGKPFXCWuBvf9Ss623VQ5DA
[INFO] ATA DPvpu3pVC68htWzqtKxCLABTJZRxxfRWSCeTk7DxRk8r is correctly owned by the Token Program.
[INFO] ATA DPvpu3pVC68htWzqtKxCLABTJZRxxfRWSCeTk7DxRk8r authority field matches the player's wallet: 7Gwd8GzgwVX3urg6rRtr2fim2eHjxRHhYwFBoLiroFK9
[INFO] Player 'Noodles' registration and ATA verification completed.

[INFO] Registering player => Curtis with pubkey E2X96Qrbu3VG9dKdPyHiteZrA5sVfikGg8rau8xzPYrj
[DEBUG] Derived reward_pubkey (ATA) => GcdFBdGhsFNuXQe34KPSCQzwjHvid1SCSXCwyEwQFoDQ for player Curtis
[INFO] Airdropping 10000000 lamports to E2X96Qrbu3VG9dKdPyHiteZrA5sVfikGg8rau8xzPYrj
Sent 10000000 lamports to E2X96Qrbu3VG9dKdPyHiteZrA5sVfikGg8rau8xzPYrj. Transaction Signature: SendTransactionResp(Signature(3g8FHjR9N114p4mT31EvdQMwo3BEqxrQLSpqw6DUVCS2Q2XSDUiX6xZ8BE4o4CyyTZKz7sdGvyk5hZPbCRGaMkDw))
Type of resp: <class 'solders.rpc.responses.SendTransactionResp'>
Contents of resp: SendTransactionResp(Signature(3g8FHjR9N114p4mT31EvdQMwo3BEqxrQLSpqw6DUVCS2Q2XSDUiX6xZ8BE4o4CyyTZKz7sdGvyk5hZPbCRGaMkDw))
[DEBUG] No compute units info found in logs.
Confirmed airdrop transaction 3g8FHjR9N114p4mT31EvdQMwo3BEqxrQLSpqw6DUVCS2Q2XSDUiX6xZ8BE4o4CyyTZKz7sdGvyk5hZPbCRGaMkDw for E2X96Qrbu3VG9dKdPyHiteZrA5sVfikGg8rau8xzPYrj
[SUCCESS] Airdropped 10000000 lamports to E2X96Qrbu3VG9dKdPyHiteZrA5sVfikGg8rau8xzPYrj. Tx Sig: 3g8FHjR9N114p4mT31EvdQMwo3BEqxrQLSpqw6DUVCS2Q2XSDUiX6xZ8BE4o4CyyTZKz7sdGvyk5hZPbCRGaMkDw
[DEBUG] Player E2X96Qrbu3VG9dKdPyHiteZrA5sVfikGg8rau8xzPYrj balance: 10000000 lamports
[DEBUG] current_count from on-chain DApp = 10
[DEBUG] Derived player_pda => EpLqBqpB3h4zSjNnokUoiTJTHn4pwhZnD5VeABCLYGTN
[DEBUG] user_ata => GcdFBdGhsFNuXQe34KPSCQzwjHvid1SCSXCwyEwQFoDQ for player Curtis
[DEBUG] Derived player_name_pda => Dj7PPPGhJMuXnizPsQENDqxyyzHn3KigQiybCmZhf5YX
Player 'Curtis' => PlayerPda registered. Tx Sig: 36QSKhJ2jMUymNKAWvg6vjes77LTY7d9PV1kkPAryJjztUaatEVDmgnd3xQjPqkVCDxQTx6pEHJYLYAShNgXUGha
[DEBUG] Compute units => 1622/165124
[DEBUG] On-chain owner of ATA = TokenkegQfeZyiNwAJbNbGKPFXCWuBvf9Ss623VQ5DA
[INFO] ATA GcdFBdGhsFNuXQe34KPSCQzwjHvid1SCSXCwyEwQFoDQ is correctly owned by the Token Program.
[INFO] ATA GcdFBdGhsFNuXQe34KPSCQzwjHvid1SCSXCwyEwQFoDQ authority field matches the player's wallet: E2X96Qrbu3VG9dKdPyHiteZrA5sVfikGg8rau8xzPYrj
[INFO] Player 'Curtis' registration and ATA verification completed.

[INFO] Registering player => Victor_Meldrew with pubkey 6ud6TtdYS4GCNnUCHPDMRo1pMrJGgC1A1WbYWSVfXD98
[DEBUG] Derived reward_pubkey (ATA) => 29gvWzjd2SWYHQzvoAc3bc5zFAEWQfb92KidUAp8zpn8 for player Victor_Meldrew
[INFO] Airdropping 10000000 lamports to 6ud6TtdYS4GCNnUCHPDMRo1pMrJGgC1A1WbYWSVfXD98
Sent 10000000 lamports to 6ud6TtdYS4GCNnUCHPDMRo1pMrJGgC1A1WbYWSVfXD98. Transaction Signature: SendTransactionResp(Signature(2zueuHX9kCRBLwJYJL37QKwPumKG5ToDcoCT1zQXG1yFJxU7Yf3MVWUmQdSD8Ru5obgAeW3T6iF8bsFR6YsQ8KBv))
Type of resp: <class 'solders.rpc.responses.SendTransactionResp'>
Contents of resp: SendTransactionResp(Signature(2zueuHX9kCRBLwJYJL37QKwPumKG5ToDcoCT1zQXG1yFJxU7Yf3MVWUmQdSD8Ru5obgAeW3T6iF8bsFR6YsQ8KBv))
[DEBUG] No compute units info found in logs.
Confirmed airdrop transaction 2zueuHX9kCRBLwJYJL37QKwPumKG5ToDcoCT1zQXG1yFJxU7Yf3MVWUmQdSD8Ru5obgAeW3T6iF8bsFR6YsQ8KBv for 6ud6TtdYS4GCNnUCHPDMRo1pMrJGgC1A1WbYWSVfXD98
[SUCCESS] Airdropped 10000000 lamports to 6ud6TtdYS4GCNnUCHPDMRo1pMrJGgC1A1WbYWSVfXD98. Tx Sig: 2zueuHX9kCRBLwJYJL37QKwPumKG5ToDcoCT1zQXG1yFJxU7Yf3MVWUmQdSD8Ru5obgAeW3T6iF8bsFR6YsQ8KBv
[DEBUG] Player 6ud6TtdYS4GCNnUCHPDMRo1pMrJGgC1A1WbYWSVfXD98 balance: 10000000 lamports
[DEBUG] current_count from on-chain DApp = 11
[DEBUG] Derived player_pda => CFM2gUqD3HrYGEgZTJsXj3c36sQZDDYVHxYPKmrApSfi
[DEBUG] user_ata => 29gvWzjd2SWYHQzvoAc3bc5zFAEWQfb92KidUAp8zpn8 for player Victor_Meldrew
[DEBUG] Derived player_name_pda => 3c3aU8pLVbdXeYSRsQiw1yQy6CMc8vSrWzqmxJpH9u9Q
Player 'Victor_Meldrew' => PlayerPda registered. Tx Sig: 3tiftbnse5v5VWacVXYt9AdfUf8RrNsHgmaRBicYYztzjnoBVPpQFit1R6KGJW6XdDNdUBeevY8xwE3nSDqhaSnd
[DEBUG] Compute units => 1622/161939
[DEBUG] On-chain owner of ATA = TokenkegQfeZyiNwAJbNbGKPFXCWuBvf9Ss623VQ5DA
[INFO] ATA 29gvWzjd2SWYHQzvoAc3bc5zFAEWQfb92KidUAp8zpn8 is correctly owned by the Token Program.
[INFO] ATA 29gvWzjd2SWYHQzvoAc3bc5zFAEWQfb92KidUAp8zpn8 authority field matches the player's wallet: 6ud6TtdYS4GCNnUCHPDMRo1pMrJGgC1A1WbYWSVfXD98
[INFO] Player 'Victor_Meldrew' registration and ATA verification completed.

[INFO] Registering player => JesseJames with pubkey DUtkRjkiR5hFSAoRqonRvReig9nrPAovH2PegRFaT7z7
[DEBUG] Derived reward_pubkey (ATA) => 4SVRCQx6ARbxRFjUAMxZBmEZKsUVbs6o7DBgvepkf4Up for player JesseJames
[INFO] Airdropping 10000000 lamports to DUtkRjkiR5hFSAoRqonRvReig9nrPAovH2PegRFaT7z7
Sent 10000000 lamports to DUtkRjkiR5hFSAoRqonRvReig9nrPAovH2PegRFaT7z7. Transaction Signature: SendTransactionResp(Signature(C6BVaXwHG4uZKvothY6rYGwKnCATRXAuCnLW2u6FXQrCCkHUwJ2xjJbuJGfqymPEp2QL9s7T6kCLx3YXnmvz57V))
Type of resp: <class 'solders.rpc.responses.SendTransactionResp'>
Contents of resp: SendTransactionResp(Signature(C6BVaXwHG4uZKvothY6rYGwKnCATRXAuCnLW2u6FXQrCCkHUwJ2xjJbuJGfqymPEp2QL9s7T6kCLx3YXnmvz57V))
[DEBUG] No compute units info found in logs.
Confirmed airdrop transaction C6BVaXwHG4uZKvothY6rYGwKnCATRXAuCnLW2u6FXQrCCkHUwJ2xjJbuJGfqymPEp2QL9s7T6kCLx3YXnmvz57V for DUtkRjkiR5hFSAoRqonRvReig9nrPAovH2PegRFaT7z7
[SUCCESS] Airdropped 10000000 lamports to DUtkRjkiR5hFSAoRqonRvReig9nrPAovH2PegRFaT7z7. Tx Sig: C6BVaXwHG4uZKvothY6rYGwKnCATRXAuCnLW2u6FXQrCCkHUwJ2xjJbuJGfqymPEp2QL9s7T6kCLx3YXnmvz57V
[DEBUG] Player DUtkRjkiR5hFSAoRqonRvReig9nrPAovH2PegRFaT7z7 balance: 10000000 lamports
[DEBUG] current_count from on-chain DApp = 12
[DEBUG] Derived player_pda => 9rpkjskqta5dikwuNUSC7VdpdS3CVMkZKfWgdtvA9syD
[DEBUG] user_ata => 4SVRCQx6ARbxRFjUAMxZBmEZKsUVbs6o7DBgvepkf4Up for player JesseJames
[DEBUG] Derived player_name_pda => BKFxMXGoTZg29KwCYpLGEuari7qiAPYgghQ4dKGrGNVy
Player 'JesseJames' => PlayerPda registered. Tx Sig: 49PTpFi3PoSqp5Ys1tgpFHMHnWeYiVP6iYgUxMANhXDymUsLaZNUPoXzh1JnvFhoKgjZKsfv6PMcno4TcHUKf46D
[DEBUG] Compute units => 1622/165127
[DEBUG] On-chain owner of ATA = TokenkegQfeZyiNwAJbNbGKPFXCWuBvf9Ss623VQ5DA
[INFO] ATA 4SVRCQx6ARbxRFjUAMxZBmEZKsUVbs6o7DBgvepkf4Up is correctly owned by the Token Program.
[INFO] ATA 4SVRCQx6ARbxRFjUAMxZBmEZKsUVbs6o7DBgvepkf4Up authority field matches the player's wallet: DUtkRjkiR5hFSAoRqonRvReig9nrPAovH2PegRFaT7z7
[INFO] Player 'JesseJames' registration and ATA verification completed.

[INFO] Registering player => LMFPiuleto with pubkey 69hchyhfk7Svk1MhQ27yvFzSJMaaGp8faN3RWxD7ZD9a
[DEBUG] Derived reward_pubkey (ATA) => 3Vgip86gBHxmNrffVo9LfyHxTy2u7gsiYFT5knDN8Qtc for player LMFPiuleto
[INFO] Airdropping 10000000 lamports to 69hchyhfk7Svk1MhQ27yvFzSJMaaGp8faN3RWxD7ZD9a
Sent 10000000 lamports to 69hchyhfk7Svk1MhQ27yvFzSJMaaGp8faN3RWxD7ZD9a. Transaction Signature: SendTransactionResp(Signature(N8NqU6w9ywhwZyJUXm8vQtBSiNi9r5vLcvFHiqjQaxzYbZ6HeebKuG5kEbvTujCjzHNb1Qe6bD9sXU2FAQ2MX9n))
Type of resp: <class 'solders.rpc.responses.SendTransactionResp'>
Contents of resp: SendTransactionResp(Signature(N8NqU6w9ywhwZyJUXm8vQtBSiNi9r5vLcvFHiqjQaxzYbZ6HeebKuG5kEbvTujCjzHNb1Qe6bD9sXU2FAQ2MX9n))
[DEBUG] No compute units info found in logs.
Confirmed airdrop transaction N8NqU6w9ywhwZyJUXm8vQtBSiNi9r5vLcvFHiqjQaxzYbZ6HeebKuG5kEbvTujCjzHNb1Qe6bD9sXU2FAQ2MX9n for 69hchyhfk7Svk1MhQ27yvFzSJMaaGp8faN3RWxD7ZD9a
[SUCCESS] Airdropped 10000000 lamports to 69hchyhfk7Svk1MhQ27yvFzSJMaaGp8faN3RWxD7ZD9a. Tx Sig: N8NqU6w9ywhwZyJUXm8vQtBSiNi9r5vLcvFHiqjQaxzYbZ6HeebKuG5kEbvTujCjzHNb1Qe6bD9sXU2FAQ2MX9n
[DEBUG] Player 69hchyhfk7Svk1MhQ27yvFzSJMaaGp8faN3RWxD7ZD9a balance: 10000000 lamports
[DEBUG] current_count from on-chain DApp = 13
[DEBUG] Derived player_pda => 5tXVq4F23kb1P6ETge8G5G5jJmV1KGk3f6KupiH6Xt7J
[DEBUG] user_ata => 3Vgip86gBHxmNrffVo9LfyHxTy2u7gsiYFT5knDN8Qtc for player LMFPiuleto
[DEBUG] Derived player_name_pda => D9TVLgKezi7ex4yAi9nP5a1rcNgE8jYfdgfU4PVMEvjo
Player 'LMFPiuleto' => PlayerPda registered. Tx Sig: 3cvig4yrCD8Tm8SA2SJ4nswgj6Urf53c6txe4eBjKsxdgwKmrNfrF84iLdbLWdsS6fNdveBJHAFgUWMnpYCU1wRk
[DEBUG] Compute units => 1622/162127
[DEBUG] On-chain owner of ATA = TokenkegQfeZyiNwAJbNbGKPFXCWuBvf9Ss623VQ5DA
[INFO] ATA 3Vgip86gBHxmNrffVo9LfyHxTy2u7gsiYFT5knDN8Qtc is correctly owned by the Token Program.
[INFO] ATA 3Vgip86gBHxmNrffVo9LfyHxTy2u7gsiYFT5knDN8Qtc authority field matches the player's wallet: 69hchyhfk7Svk1MhQ27yvFzSJMaaGp8faN3RWxD7ZD9a
[INFO] Player 'LMFPiuleto' registration and ATA verification completed.

[INFO] Registering player => MrOpossum with pubkey FktY5VT3FV2AM7GTUd98YVyzQpNwF76VuFhcB87KCbo9
[DEBUG] Derived reward_pubkey (ATA) => 9Q2nhuyBa8T6bTqBX3AfpWo2hfB5qeQeCEeqtYKTwbmr for player MrOpossum
[INFO] Airdropping 10000000 lamports to FktY5VT3FV2AM7GTUd98YVyzQpNwF76VuFhcB87KCbo9
Sent 10000000 lamports to FktY5VT3FV2AM7GTUd98YVyzQpNwF76VuFhcB87KCbo9. Transaction Signature: SendTransactionResp(Signature(VrrCA6yidKKn1jpkvQ1Jy27gLpbsh8pxHNu1nzK2zQpJosDrxj4wtDV3HLuCoD4F83fuCZa6GZyDfGjUedNs2a6))
Type of resp: <class 'solders.rpc.responses.SendTransactionResp'>
Contents of resp: SendTransactionResp(Signature(VrrCA6yidKKn1jpkvQ1Jy27gLpbsh8pxHNu1nzK2zQpJosDrxj4wtDV3HLuCoD4F83fuCZa6GZyDfGjUedNs2a6))
[DEBUG] No compute units info found in logs.
Confirmed airdrop transaction VrrCA6yidKKn1jpkvQ1Jy27gLpbsh8pxHNu1nzK2zQpJosDrxj4wtDV3HLuCoD4F83fuCZa6GZyDfGjUedNs2a6 for FktY5VT3FV2AM7GTUd98YVyzQpNwF76VuFhcB87KCbo9
[SUCCESS] Airdropped 10000000 lamports to FktY5VT3FV2AM7GTUd98YVyzQpNwF76VuFhcB87KCbo9. Tx Sig: VrrCA6yidKKn1jpkvQ1Jy27gLpbsh8pxHNu1nzK2zQpJosDrxj4wtDV3HLuCoD4F83fuCZa6GZyDfGjUedNs2a6
[DEBUG] Player FktY5VT3FV2AM7GTUd98YVyzQpNwF76VuFhcB87KCbo9 balance: 10000000 lamports
[DEBUG] current_count from on-chain DApp = 14
[DEBUG] Derived player_pda => CnVzeVX84q2x2tUHUWAXQH5ZQt641V844vmDGRZS4J5p
[DEBUG] user_ata => 9Q2nhuyBa8T6bTqBX3AfpWo2hfB5qeQeCEeqtYKTwbmr for player MrOpossum
[DEBUG] Derived player_name_pda => 9W56hpPyQpUQ9PMdEY2gg1SpHdkoGXxg758CdVDEfBtm
Player 'MrOpossum' => PlayerPda registered. Tx Sig: 3AkR2n8dxKGWcv2nCj9gQ3BpujgRksfZFUvv9NTijcx9yTdP3MfpXC7PMAS4k5Vu5rSuuVMZQ4hrSHUbCVen8pkd
[DEBUG] Compute units => 1622/166684
[DEBUG] On-chain owner of ATA = TokenkegQfeZyiNwAJbNbGKPFXCWuBvf9Ss623VQ5DA
[INFO] ATA 9Q2nhuyBa8T6bTqBX3AfpWo2hfB5qeQeCEeqtYKTwbmr is correctly owned by the Token Program.
[INFO] ATA 9Q2nhuyBa8T6bTqBX3AfpWo2hfB5qeQeCEeqtYKTwbmr authority field matches the player's wallet: FktY5VT3FV2AM7GTUd98YVyzQpNwF76VuFhcB87KCbo9
[INFO] Player 'MrOpossum' registration and ATA verification completed.

[INFO] Registering player => Gibbs with pubkey 963FqHi3E2WaSGbH2NoyV4fRkpu2N2kyjkf1hrT2GHYc
[DEBUG] Derived reward_pubkey (ATA) => 9Rs8RbfMP6sEetDR1qomDPUnUs1rcoLrharqEhjEnKkR for player Gibbs
[INFO] Airdropping 10000000 lamports to 963FqHi3E2WaSGbH2NoyV4fRkpu2N2kyjkf1hrT2GHYc
Sent 10000000 lamports to 963FqHi3E2WaSGbH2NoyV4fRkpu2N2kyjkf1hrT2GHYc. Transaction Signature: SendTransactionResp(Signature(5nJ8gFvhC2zVvsjXiV5gtC1jTStNB8N2FDWVXdiwfy5tKN9hDtp5f5WwoJGAiq7RnTLLnXw489qAxqtwKfvjGZqF))
Type of resp: <class 'solders.rpc.responses.SendTransactionResp'>
Contents of resp: SendTransactionResp(Signature(5nJ8gFvhC2zVvsjXiV5gtC1jTStNB8N2FDWVXdiwfy5tKN9hDtp5f5WwoJGAiq7RnTLLnXw489qAxqtwKfvjGZqF))
[DEBUG] No compute units info found in logs.
Confirmed airdrop transaction 5nJ8gFvhC2zVvsjXiV5gtC1jTStNB8N2FDWVXdiwfy5tKN9hDtp5f5WwoJGAiq7RnTLLnXw489qAxqtwKfvjGZqF for 963FqHi3E2WaSGbH2NoyV4fRkpu2N2kyjkf1hrT2GHYc
[SUCCESS] Airdropped 10000000 lamports to 963FqHi3E2WaSGbH2NoyV4fRkpu2N2kyjkf1hrT2GHYc. Tx Sig: 5nJ8gFvhC2zVvsjXiV5gtC1jTStNB8N2FDWVXdiwfy5tKN9hDtp5f5WwoJGAiq7RnTLLnXw489qAxqtwKfvjGZqF
[DEBUG] Player 963FqHi3E2WaSGbH2NoyV4fRkpu2N2kyjkf1hrT2GHYc balance: 10000000 lamports
[DEBUG] current_count from on-chain DApp = 15
[DEBUG] Derived player_pda => 9rv3gNnp8yafWjT3WvwWavty7J7AR2d2hfFECSJf5nWt
[DEBUG] user_ata => 9Rs8RbfMP6sEetDR1qomDPUnUs1rcoLrharqEhjEnKkR for player Gibbs
[DEBUG] Derived player_name_pda => DMX2qg62111yBjCYUiUrP4voa2iBPhBxvqnFku3596Z
Player 'Gibbs' => PlayerPda registered. Tx Sig: 5LUsG3MvGVDtfAoNacQvrhiLiyPUxyiYD7LhrYN23KBYskyZ8UY5pVfxk3nhvVmayn5dGoErRi1KxJeGQP63pPLC
[DEBUG] Compute units => 1622/169681
[DEBUG] On-chain owner of ATA = TokenkegQfeZyiNwAJbNbGKPFXCWuBvf9Ss623VQ5DA
[INFO] ATA 9Rs8RbfMP6sEetDR1qomDPUnUs1rcoLrharqEhjEnKkR is correctly owned by the Token Program.
[INFO] ATA 9Rs8RbfMP6sEetDR1qomDPUnUs1rcoLrharqEhjEnKkR authority field matches the player's wallet: 963FqHi3E2WaSGbH2NoyV4fRkpu2N2kyjkf1hrT2GHYc
[INFO] Player 'Gibbs' registration and ATA verification completed.

[INFO] Registering player => jhood with pubkey 6W8s6SmcoMx79kbXg2vfirXiiCdSR5dWE3QNGSKPYde1
[DEBUG] Derived reward_pubkey (ATA) => HD67RG6eDWGdJ2jrt1T6Qm1VbaZ3wchu5s55nEdAuG13 for player jhood
[INFO] Airdropping 10000000 lamports to 6W8s6SmcoMx79kbXg2vfirXiiCdSR5dWE3QNGSKPYde1
Sent 10000000 lamports to 6W8s6SmcoMx79kbXg2vfirXiiCdSR5dWE3QNGSKPYde1. Transaction Signature: SendTransactionResp(Signature(5EWmr9c3HhsHMgXfcgPZfDKLeKfEptvx2Fk1KRQ8tw1ab8jaLKj4i6EaCmAHqFrHb1vdTS4xUawJL4NapdA7wQSn))
Type of resp: <class 'solders.rpc.responses.SendTransactionResp'>
Contents of resp: SendTransactionResp(Signature(5EWmr9c3HhsHMgXfcgPZfDKLeKfEptvx2Fk1KRQ8tw1ab8jaLKj4i6EaCmAHqFrHb1vdTS4xUawJL4NapdA7wQSn))
[DEBUG] No compute units info found in logs.
Confirmed airdrop transaction 5EWmr9c3HhsHMgXfcgPZfDKLeKfEptvx2Fk1KRQ8tw1ab8jaLKj4i6EaCmAHqFrHb1vdTS4xUawJL4NapdA7wQSn for 6W8s6SmcoMx79kbXg2vfirXiiCdSR5dWE3QNGSKPYde1
[SUCCESS] Airdropped 10000000 lamports to 6W8s6SmcoMx79kbXg2vfirXiiCdSR5dWE3QNGSKPYde1. Tx Sig: 5EWmr9c3HhsHMgXfcgPZfDKLeKfEptvx2Fk1KRQ8tw1ab8jaLKj4i6EaCmAHqFrHb1vdTS4xUawJL4NapdA7wQSn
[DEBUG] Player 6W8s6SmcoMx79kbXg2vfirXiiCdSR5dWE3QNGSKPYde1 balance: 10000000 lamports
[DEBUG] current_count from on-chain DApp = 16
[DEBUG] Derived player_pda => 5ykUi94rREZPDVdYXu8gALWPxqQQcwrvkwm15J5qeWfB
[DEBUG] user_ata => HD67RG6eDWGdJ2jrt1T6Qm1VbaZ3wchu5s55nEdAuG13 for player jhood
[DEBUG] Derived player_name_pda => 4qc5sVaJip1g7W1wVXJSynMSQfhZd2DTpLcp2cYGpPwh
Player 'jhood' => PlayerPda registered. Tx Sig: Pj3pQXkMPfvXdoqdypfAg4i9bfo7cnjzpZTytvaJAcE94hcNJuRPuk5qJrb5h3pLGCQdra9ihBrak3Ktqrp8h29
[DEBUG] Compute units => 1622/159181
[DEBUG] On-chain owner of ATA = TokenkegQfeZyiNwAJbNbGKPFXCWuBvf9Ss623VQ5DA
[INFO] ATA HD67RG6eDWGdJ2jrt1T6Qm1VbaZ3wchu5s55nEdAuG13 is correctly owned by the Token Program.
[INFO] ATA HD67RG6eDWGdJ2jrt1T6Qm1VbaZ3wchu5s55nEdAuG13 authority field matches the player's wallet: 6W8s6SmcoMx79kbXg2vfirXiiCdSR5dWE3QNGSKPYde1
[INFO] Player 'jhood' registration and ATA verification completed.

[INFO] Registering player => HLTV-discordgggTxXDuGGTg with pubkey F2HRb7EWrxfnm3qVG79GcNkvVv3dJtGS5ip3HNRYLaFt
[DEBUG] Derived reward_pubkey (ATA) => EGNXGNYrWuSAYDXgWrEXmcnuhF4AXbsgr6U1eXbjueq7 for player HLTV-discordgggTxXDuGGTg
[INFO] Airdropping 10000000 lamports to F2HRb7EWrxfnm3qVG79GcNkvVv3dJtGS5ip3HNRYLaFt
Sent 10000000 lamports to F2HRb7EWrxfnm3qVG79GcNkvVv3dJtGS5ip3HNRYLaFt. Transaction Signature: SendTransactionResp(Signature(3RACSx6VFhZVrbuQnnKBfkPxaX835oTJqWid47EY4wPusXHvBpVACgE1gAkVCDFnfQxaRaN1pgWcDppxZvETknge))
Type of resp: <class 'solders.rpc.responses.SendTransactionResp'>
Contents of resp: SendTransactionResp(Signature(3RACSx6VFhZVrbuQnnKBfkPxaX835oTJqWid47EY4wPusXHvBpVACgE1gAkVCDFnfQxaRaN1pgWcDppxZvETknge))
[DEBUG] No compute units info found in logs.
Confirmed airdrop transaction 3RACSx6VFhZVrbuQnnKBfkPxaX835oTJqWid47EY4wPusXHvBpVACgE1gAkVCDFnfQxaRaN1pgWcDppxZvETknge for F2HRb7EWrxfnm3qVG79GcNkvVv3dJtGS5ip3HNRYLaFt
[SUCCESS] Airdropped 10000000 lamports to F2HRb7EWrxfnm3qVG79GcNkvVv3dJtGS5ip3HNRYLaFt. Tx Sig: 3RACSx6VFhZVrbuQnnKBfkPxaX835oTJqWid47EY4wPusXHvBpVACgE1gAkVCDFnfQxaRaN1pgWcDppxZvETknge
[DEBUG] Player F2HRb7EWrxfnm3qVG79GcNkvVv3dJtGS5ip3HNRYLaFt balance: 10000000 lamports
[DEBUG] current_count from on-chain DApp = 17
[DEBUG] Derived player_pda => 9r23ZpWaBh212XuDjjrPgWYCumroo5hCzRyKJsYfKeRg
[DEBUG] user_ata => EGNXGNYrWuSAYDXgWrEXmcnuhF4AXbsgr6U1eXbjueq7 for player HLTV-discordgggTxXDuGGTg
[DEBUG] Derived player_name_pda => 7Z3314apebt2dvY84uFX6aVdE1egXKtuUmS1gymeymJf
Player 'HLTV-discordgggTxXDuGGTg' => PlayerPda registered. Tx Sig: 5yc24u4ieiyrHUiuPvRqYjJ8ir2FZjH3dkeTJUC2mnqi4tNdMp6P1cXbYBLFy62Ccn8Y7Y91pKaZEPs7ghFE8fGc
[DEBUG] Compute units => 1622/163659
[DEBUG] On-chain owner of ATA = TokenkegQfeZyiNwAJbNbGKPFXCWuBvf9Ss623VQ5DA
[INFO] ATA EGNXGNYrWuSAYDXgWrEXmcnuhF4AXbsgr6U1eXbjueq7 is correctly owned by the Token Program.
[INFO] ATA EGNXGNYrWuSAYDXgWrEXmcnuhF4AXbsgr6U1eXbjueq7 authority field matches the player's wallet: F2HRb7EWrxfnm3qVG79GcNkvVv3dJtGS5ip3HNRYLaFt
[INFO] Player 'HLTV-discordgggTxXDuGGTg' registration and ATA verification completed.

[INFO] Registering player => Percy with pubkey HdFtbFgQeTVeakrsGqRrMm7JA8PHQ5nNK5FZ3TnnWEBN
[DEBUG] Derived reward_pubkey (ATA) => Bi3N1myjS5A7iQv154P96NhXgW2ojKabgt64VFdUXDox for player Percy
[INFO] Airdropping 10000000 lamports to HdFtbFgQeTVeakrsGqRrMm7JA8PHQ5nNK5FZ3TnnWEBN
Sent 10000000 lamports to HdFtbFgQeTVeakrsGqRrMm7JA8PHQ5nNK5FZ3TnnWEBN. Transaction Signature: SendTransactionResp(Signature(2do5xhArMK7L1MaLfDQ1oqBJn6THkbBcGcRxVMYZ5Bp9N6gszV7NvoBEsaJH5GVuXNooyUAPu34deL4VSr9sTaeD))
Type of resp: <class 'solders.rpc.responses.SendTransactionResp'>
Contents of resp: SendTransactionResp(Signature(2do5xhArMK7L1MaLfDQ1oqBJn6THkbBcGcRxVMYZ5Bp9N6gszV7NvoBEsaJH5GVuXNooyUAPu34deL4VSr9sTaeD))
[DEBUG] No compute units info found in logs.
Confirmed airdrop transaction 2do5xhArMK7L1MaLfDQ1oqBJn6THkbBcGcRxVMYZ5Bp9N6gszV7NvoBEsaJH5GVuXNooyUAPu34deL4VSr9sTaeD for HdFtbFgQeTVeakrsGqRrMm7JA8PHQ5nNK5FZ3TnnWEBN
[SUCCESS] Airdropped 10000000 lamports to HdFtbFgQeTVeakrsGqRrMm7JA8PHQ5nNK5FZ3TnnWEBN. Tx Sig: 2do5xhArMK7L1MaLfDQ1oqBJn6THkbBcGcRxVMYZ5Bp9N6gszV7NvoBEsaJH5GVuXNooyUAPu34deL4VSr9sTaeD
[DEBUG] Player HdFtbFgQeTVeakrsGqRrMm7JA8PHQ5nNK5FZ3TnnWEBN balance: 10000000 lamports
[DEBUG] current_count from on-chain DApp = 18
[DEBUG] Derived player_pda => 4S3mR5UUZJvmttivSVsYAbh2YUruddAAqU1kfNZmyhzC
[DEBUG] user_ata => Bi3N1myjS5A7iQv154P96NhXgW2ojKabgt64VFdUXDox for player Percy
[DEBUG] Derived player_name_pda => 8nu1Y3YcYegsFVUNz3XTRYSaG6gMNQxChgPmb7Xf1Dd4
Player 'Percy' => PlayerPda registered. Tx Sig: 5E2ZRuNMqDPfP4F5VmsY4QEJo8vuSNwwFRHNjZgvqKxK7oAxRD4BbRjZUdqFcH2nHsxcTzftXBiH4qhTVvbxjp9T
[DEBUG] Compute units => 1622/169681
[DEBUG] On-chain owner of ATA = TokenkegQfeZyiNwAJbNbGKPFXCWuBvf9Ss623VQ5DA
[INFO] ATA Bi3N1myjS5A7iQv154P96NhXgW2ojKabgt64VFdUXDox is correctly owned by the Token Program.
[INFO] ATA Bi3N1myjS5A7iQv154P96NhXgW2ojKabgt64VFdUXDox authority field matches the player's wallet: HdFtbFgQeTVeakrsGqRrMm7JA8PHQ5nNK5FZ3TnnWEBN
[INFO] Player 'Percy' registration and ATA verification completed.

[INFO] Registering player => EleanorofAquitaine with pubkey 5ZFW8RsGqdYkfW62PqVVp6Y1i6JXPjnyg5axqyC7MEmp
[DEBUG] Derived reward_pubkey (ATA) => HNsjpxvY7iXuUKgP7jMPsobjpqu59mnCFDRWtFYMB3md for player EleanorofAquitaine
[INFO] Airdropping 10000000 lamports to 5ZFW8RsGqdYkfW62PqVVp6Y1i6JXPjnyg5axqyC7MEmp
Sent 10000000 lamports to 5ZFW8RsGqdYkfW62PqVVp6Y1i6JXPjnyg5axqyC7MEmp. Transaction Signature: SendTransactionResp(Signature(XZZaNMSYPRXuA5jEK3JRHek2S9A7fNyv1dNh6azKqCipbQ61eUVfHrcYjURyeDYjdJ6nCvTPUGmVpSkSu851gZq))
Type of resp: <class 'solders.rpc.responses.SendTransactionResp'>
Contents of resp: SendTransactionResp(Signature(XZZaNMSYPRXuA5jEK3JRHek2S9A7fNyv1dNh6azKqCipbQ61eUVfHrcYjURyeDYjdJ6nCvTPUGmVpSkSu851gZq))
[DEBUG] No compute units info found in logs.
Confirmed airdrop transaction XZZaNMSYPRXuA5jEK3JRHek2S9A7fNyv1dNh6azKqCipbQ61eUVfHrcYjURyeDYjdJ6nCvTPUGmVpSkSu851gZq for 5ZFW8RsGqdYkfW62PqVVp6Y1i6JXPjnyg5axqyC7MEmp
[SUCCESS] Airdropped 10000000 lamports to 5ZFW8RsGqdYkfW62PqVVp6Y1i6JXPjnyg5axqyC7MEmp. Tx Sig: XZZaNMSYPRXuA5jEK3JRHek2S9A7fNyv1dNh6azKqCipbQ61eUVfHrcYjURyeDYjdJ6nCvTPUGmVpSkSu851gZq
[DEBUG] Player 5ZFW8RsGqdYkfW62PqVVp6Y1i6JXPjnyg5axqyC7MEmp balance: 10000000 lamports
[DEBUG] current_count from on-chain DApp = 19
[DEBUG] Derived player_pda => Br3MWe42vqZz4dxaqcu8iHhuz1hDaqj4VDfd7X7iGduH
[DEBUG] user_ata => HNsjpxvY7iXuUKgP7jMPsobjpqu59mnCFDRWtFYMB3md for player EleanorofAquitaine
[DEBUG] Derived player_name_pda => 8YKBrQrFGEedJ7ZSm7NHEffcVNtwaZvbmxACoyRGDrPi
Player 'EleanorofAquitaine' => PlayerPda registered. Tx Sig: 3fqRhakhRC6a8KsrbRNmK1ktiVoQPq88TQ4y27NRpF2rNCjRWkPukRLm4wXfGUPta2m2aoh31JBrzKMzRWHeCwcx
[DEBUG] Compute units => 1622/168082
[DEBUG] On-chain owner of ATA = TokenkegQfeZyiNwAJbNbGKPFXCWuBvf9Ss623VQ5DA
[INFO] ATA HNsjpxvY7iXuUKgP7jMPsobjpqu59mnCFDRWtFYMB3md is correctly owned by the Token Program.
[INFO] ATA HNsjpxvY7iXuUKgP7jMPsobjpqu59mnCFDRWtFYMB3md authority field matches the player's wallet: 5ZFW8RsGqdYkfW62PqVVp6Y1i6JXPjnyg5axqyC7MEmp
[INFO] Player 'EleanorofAquitaine' registration and ATA verification completed.

[INFO] Registering player => SGBTD with pubkey 9VimgjtXwQ1GSswQKwD6yBjiCgo5FUukjsJK3s5QQSCu
[DEBUG] Derived reward_pubkey (ATA) => HiZEezLDC3vTXdzJw4BuAhdhrErMbw6fxmezkX6RQDzz for player SGBTD
[INFO] Airdropping 10000000 lamports to 9VimgjtXwQ1GSswQKwD6yBjiCgo5FUukjsJK3s5QQSCu
Sent 10000000 lamports to 9VimgjtXwQ1GSswQKwD6yBjiCgo5FUukjsJK3s5QQSCu. Transaction Signature: SendTransactionResp(Signature(EgbMBQSpDAvjbtGSENKxMceNggqiXDvxyhtskzo2WDdykBx8EYBUJmKvFw3mCXfwstPPov2ZB3PMrW6ajh5u7ya))
Type of resp: <class 'solders.rpc.responses.SendTransactionResp'>
Contents of resp: SendTransactionResp(Signature(EgbMBQSpDAvjbtGSENKxMceNggqiXDvxyhtskzo2WDdykBx8EYBUJmKvFw3mCXfwstPPov2ZB3PMrW6ajh5u7ya))
[DEBUG] No compute units info found in logs.
Confirmed airdrop transaction EgbMBQSpDAvjbtGSENKxMceNggqiXDvxyhtskzo2WDdykBx8EYBUJmKvFw3mCXfwstPPov2ZB3PMrW6ajh5u7ya for 9VimgjtXwQ1GSswQKwD6yBjiCgo5FUukjsJK3s5QQSCu
[SUCCESS] Airdropped 10000000 lamports to 9VimgjtXwQ1GSswQKwD6yBjiCgo5FUukjsJK3s5QQSCu. Tx Sig: EgbMBQSpDAvjbtGSENKxMceNggqiXDvxyhtskzo2WDdykBx8EYBUJmKvFw3mCXfwstPPov2ZB3PMrW6ajh5u7ya
[DEBUG] Player 9VimgjtXwQ1GSswQKwD6yBjiCgo5FUukjsJK3s5QQSCu balance: 10000000 lamports
[DEBUG] current_count from on-chain DApp = 20
[DEBUG] Derived player_pda => Fzj9rotabnHSPp1b5TSXP4Rk6ir9NL5Ww26woQp5xZM1
[DEBUG] user_ata => HiZEezLDC3vTXdzJw4BuAhdhrErMbw6fxmezkX6RQDzz for player SGBTD
[DEBUG] Derived player_name_pda => 3LF1bGDAnzedNBB8mFiDiqm1Gzj2cjsmv3w5JEaWAkEU
Player 'SGBTD' => PlayerPda registered. Tx Sig: 25jHKy6SuEo2wVGWGvqpgcrghUYKVviqwrCXGKpdUGopphBqwHhcca4MMA6R5fnMBHTV8hmvhiSqPtz9Rxqiqfg3
[DEBUG] Compute units => 1622/169681
[DEBUG] On-chain owner of ATA = TokenkegQfeZyiNwAJbNbGKPFXCWuBvf9Ss623VQ5DA
[INFO] ATA HiZEezLDC3vTXdzJw4BuAhdhrErMbw6fxmezkX6RQDzz is correctly owned by the Token Program.
[INFO] ATA HiZEezLDC3vTXdzJw4BuAhdhrErMbw6fxmezkX6RQDzz authority field matches the player's wallet: 9VimgjtXwQ1GSswQKwD6yBjiCgo5FUukjsJK3s5QQSCu
[INFO] Player 'SGBTD' registration and ATA verification completed.

[INFO] Registering player => TFPugsEASTNYCHLTV with pubkey 7XQi8p1RVBZfyjvzoJfJMTs53Yp2yHUL57SJfFKsoLiM
[DEBUG] Derived reward_pubkey (ATA) => 4qGR4ySWDfb9VVvuGT8K1KWYr7LWA2mLZJc5mMajMG5E for player TFPugsEASTNYCHLTV
[INFO] Airdropping 10000000 lamports to 7XQi8p1RVBZfyjvzoJfJMTs53Yp2yHUL57SJfFKsoLiM
Sent 10000000 lamports to 7XQi8p1RVBZfyjvzoJfJMTs53Yp2yHUL57SJfFKsoLiM. Transaction Signature: SendTransactionResp(Signature(58mCk7jgQ6nynQkQaRvHUHR9q5TykxF6g2mmE4snonMUP78nskNJjivuhYgzqwQSn492fAjx9Wcuuw1qzwLTQ8E1))
Type of resp: <class 'solders.rpc.responses.SendTransactionResp'>
Contents of resp: SendTransactionResp(Signature(58mCk7jgQ6nynQkQaRvHUHR9q5TykxF6g2mmE4snonMUP78nskNJjivuhYgzqwQSn492fAjx9Wcuuw1qzwLTQ8E1))
[DEBUG] No compute units info found in logs.
Confirmed airdrop transaction 58mCk7jgQ6nynQkQaRvHUHR9q5TykxF6g2mmE4snonMUP78nskNJjivuhYgzqwQSn492fAjx9Wcuuw1qzwLTQ8E1 for 7XQi8p1RVBZfyjvzoJfJMTs53Yp2yHUL57SJfFKsoLiM
[SUCCESS] Airdropped 10000000 lamports to 7XQi8p1RVBZfyjvzoJfJMTs53Yp2yHUL57SJfFKsoLiM. Tx Sig: 58mCk7jgQ6nynQkQaRvHUHR9q5TykxF6g2mmE4snonMUP78nskNJjivuhYgzqwQSn492fAjx9Wcuuw1qzwLTQ8E1
[DEBUG] Player 7XQi8p1RVBZfyjvzoJfJMTs53Yp2yHUL57SJfFKsoLiM balance: 10000000 lamports
[DEBUG] current_count from on-chain DApp = 21
[DEBUG] Derived player_pda => 5pzPnhMnecaQBaSSfEMhEDvJrP8T21BcMDbKLKfJdHeY
[DEBUG] user_ata => 4qGR4ySWDfb9VVvuGT8K1KWYr7LWA2mLZJc5mMajMG5E for player TFPugsEASTNYCHLTV
[DEBUG] Derived player_name_pda => 2aq9x2MtgowZeW8TPZe1xYUizUtKzML3R5GE2papszR6
Player 'TFPugsEASTNYCHLTV' => PlayerPda registered. Tx Sig: tehbG3AKAz8MmqQQBxsciisFbdZKd1j592zU4UvZ4kAZQV566SGscsbvDkBBp1n5S8UUpbouq5qo4NkGGJWk64y
[DEBUG] Compute units => 1622/153139
[DEBUG] On-chain owner of ATA = TokenkegQfeZyiNwAJbNbGKPFXCWuBvf9Ss623VQ5DA
[INFO] ATA 4qGR4ySWDfb9VVvuGT8K1KWYr7LWA2mLZJc5mMajMG5E is correctly owned by the Token Program.
[INFO] ATA 4qGR4ySWDfb9VVvuGT8K1KWYr7LWA2mLZJc5mMajMG5E authority field matches the player's wallet: 7XQi8p1RVBZfyjvzoJfJMTs53Yp2yHUL57SJfFKsoLiM
[INFO] Player 'TFPugsEASTNYCHLTV' registration and ATA verification completed.

[INFO] Registering player => Alfonzo with pubkey HxfbC2cx6Bs5t9368T7uJbDcP4SUC2EtTKvCf7hXwkTY
[DEBUG] Derived reward_pubkey (ATA) => GdkvKH4gRNLYduRSSBNu4ygTk9NAwuAx13zJxXb9uhRQ for player Alfonzo
[INFO] Airdropping 10000000 lamports to HxfbC2cx6Bs5t9368T7uJbDcP4SUC2EtTKvCf7hXwkTY
Sent 10000000 lamports to HxfbC2cx6Bs5t9368T7uJbDcP4SUC2EtTKvCf7hXwkTY. Transaction Signature: SendTransactionResp(Signature(2TBuyou4uSd319M4Z8qnTgMD829HsRA5aZAFmc14C22RjsXnwfRyUjbNDptDFkdPFENUpxHftY7QQH7WpsdU1W4Q))
Type of resp: <class 'solders.rpc.responses.SendTransactionResp'>
Contents of resp: SendTransactionResp(Signature(2TBuyou4uSd319M4Z8qnTgMD829HsRA5aZAFmc14C22RjsXnwfRyUjbNDptDFkdPFENUpxHftY7QQH7WpsdU1W4Q))
[DEBUG] No compute units info found in logs.
Confirmed airdrop transaction 2TBuyou4uSd319M4Z8qnTgMD829HsRA5aZAFmc14C22RjsXnwfRyUjbNDptDFkdPFENUpxHftY7QQH7WpsdU1W4Q for HxfbC2cx6Bs5t9368T7uJbDcP4SUC2EtTKvCf7hXwkTY
[SUCCESS] Airdropped 10000000 lamports to HxfbC2cx6Bs5t9368T7uJbDcP4SUC2EtTKvCf7hXwkTY. Tx Sig: 2TBuyou4uSd319M4Z8qnTgMD829HsRA5aZAFmc14C22RjsXnwfRyUjbNDptDFkdPFENUpxHftY7QQH7WpsdU1W4Q
[DEBUG] Player HxfbC2cx6Bs5t9368T7uJbDcP4SUC2EtTKvCf7hXwkTY balance: 10000000 lamports
[DEBUG] current_count from on-chain DApp = 22
[DEBUG] Derived player_pda => FosJiHZMtUKApsTv5ugzXnTZDeABxG74ZdehnqUjDJwg
[DEBUG] user_ata => GdkvKH4gRNLYduRSSBNu4ygTk9NAwuAx13zJxXb9uhRQ for player Alfonzo
[DEBUG] Derived player_name_pda => HjXcPZwpn1VECiV9P4eTRsxCuQsCM9z8ktkjhNw7wHon
Player 'Alfonzo' => PlayerPda registered. Tx Sig: 4dFqvjkywkAoGQdq4t4XdY9owTtzw6nT24KL8kJgpxCbsNTiToY7CMzyUWMhtzbQgUf2mw29va13WCnAK2yeUxj6
[DEBUG] Compute units => 1622/166567
[DEBUG] On-chain owner of ATA = TokenkegQfeZyiNwAJbNbGKPFXCWuBvf9Ss623VQ5DA
[INFO] ATA GdkvKH4gRNLYduRSSBNu4ygTk9NAwuAx13zJxXb9uhRQ is correctly owned by the Token Program.
[INFO] ATA GdkvKH4gRNLYduRSSBNu4ygTk9NAwuAx13zJxXb9uhRQ authority field matches the player's wallet: HxfbC2cx6Bs5t9368T7uJbDcP4SUC2EtTKvCf7hXwkTY
[INFO] Player 'Alfonzo' registration and ATA verification completed.

[INFO] Registering player => eecjr0914 with pubkey EnNPCkraeVfPXxX8taBaYzoUQZG5vzBQ4eCtZ9FfkBUt
[DEBUG] Derived reward_pubkey (ATA) => F5B8LpxSurR9QtpK3UaSme4JwiM5HZhtrr2Xh3U9CvTM for player eecjr0914
[INFO] Airdropping 10000000 lamports to EnNPCkraeVfPXxX8taBaYzoUQZG5vzBQ4eCtZ9FfkBUt
Sent 10000000 lamports to EnNPCkraeVfPXxX8taBaYzoUQZG5vzBQ4eCtZ9FfkBUt. Transaction Signature: SendTransactionResp(Signature(2uhFncmMuu3MH4RTXePvy8LafqjeKR2EjkVfE5bd9avWkXPoaXH1wtS8aYGKB8n99xCsUihjSEkABnCezW2FVDpG))
Type of resp: <class 'solders.rpc.responses.SendTransactionResp'>
Contents of resp: SendTransactionResp(Signature(2uhFncmMuu3MH4RTXePvy8LafqjeKR2EjkVfE5bd9avWkXPoaXH1wtS8aYGKB8n99xCsUihjSEkABnCezW2FVDpG))
[DEBUG] No compute units info found in logs.
Confirmed airdrop transaction 2uhFncmMuu3MH4RTXePvy8LafqjeKR2EjkVfE5bd9avWkXPoaXH1wtS8aYGKB8n99xCsUihjSEkABnCezW2FVDpG for EnNPCkraeVfPXxX8taBaYzoUQZG5vzBQ4eCtZ9FfkBUt
[SUCCESS] Airdropped 10000000 lamports to EnNPCkraeVfPXxX8taBaYzoUQZG5vzBQ4eCtZ9FfkBUt. Tx Sig: 2uhFncmMuu3MH4RTXePvy8LafqjeKR2EjkVfE5bd9avWkXPoaXH1wtS8aYGKB8n99xCsUihjSEkABnCezW2FVDpG
[DEBUG] Player EnNPCkraeVfPXxX8taBaYzoUQZG5vzBQ4eCtZ9FfkBUt balance: 10000000 lamports
[DEBUG] current_count from on-chain DApp = 23
[DEBUG] Derived player_pda => 3s1mPi7vmtRa82oVtHbTpNFJCYhMCqKCmCZL9d4xweVo
[DEBUG] user_ata => F5B8LpxSurR9QtpK3UaSme4JwiM5HZhtrr2Xh3U9CvTM for player eecjr0914
[DEBUG] Derived player_name_pda => Aq86PtWFi92PYm3N1NhsJCjuMin71yBWPpkfDVazeYQS
Player 'eecjr0914' => PlayerPda registered. Tx Sig: 38g8Cz4mqeS2Wzwj5FzbkgHJKbYHKiQgRuKfxtcs8FJkoRiHJ4xECt4v4bjAegsCuKLbPQ3u7ChkqYz55vy4jc1Q
[DEBUG] Compute units => 1622/166684
[DEBUG] On-chain owner of ATA = TokenkegQfeZyiNwAJbNbGKPFXCWuBvf9Ss623VQ5DA
[INFO] ATA F5B8LpxSurR9QtpK3UaSme4JwiM5HZhtrr2Xh3U9CvTM is correctly owned by the Token Program.
[INFO] ATA F5B8LpxSurR9QtpK3UaSme4JwiM5HZhtrr2Xh3U9CvTM authority field matches the player's wallet: EnNPCkraeVfPXxX8taBaYzoUQZG5vzBQ4eCtZ9FfkBUt
[INFO] Player 'eecjr0914' registration and ATA verification completed.

[INFO] Registering player => ImSoLame with pubkey EY7GZSRiEs6Rpk7uAsTyxx1vZHuswrNg1ZayKjesmVKA
[DEBUG] Derived reward_pubkey (ATA) => 7umwLhSJMuanPvveWVFSpDQqPBbJfNcHrJLEPC2UtqJb for player ImSoLame
[INFO] Airdropping 10000000 lamports to EY7GZSRiEs6Rpk7uAsTyxx1vZHuswrNg1ZayKjesmVKA
Sent 10000000 lamports to EY7GZSRiEs6Rpk7uAsTyxx1vZHuswrNg1ZayKjesmVKA. Transaction Signature: SendTransactionResp(Signature(39rkrj2SvtfsfV6iGNWRDUZqNcPeWDuh9hWvkgRTk3GD4dsyxfCrnSCDHXMkXHRMjLyWt5qTwQzrxevRTvsLmjW5))
Type of resp: <class 'solders.rpc.responses.SendTransactionResp'>
Contents of resp: SendTransactionResp(Signature(39rkrj2SvtfsfV6iGNWRDUZqNcPeWDuh9hWvkgRTk3GD4dsyxfCrnSCDHXMkXHRMjLyWt5qTwQzrxevRTvsLmjW5))
[DEBUG] No compute units info found in logs.
Confirmed airdrop transaction 39rkrj2SvtfsfV6iGNWRDUZqNcPeWDuh9hWvkgRTk3GD4dsyxfCrnSCDHXMkXHRMjLyWt5qTwQzrxevRTvsLmjW5 for EY7GZSRiEs6Rpk7uAsTyxx1vZHuswrNg1ZayKjesmVKA
[SUCCESS] Airdropped 10000000 lamports to EY7GZSRiEs6Rpk7uAsTyxx1vZHuswrNg1ZayKjesmVKA. Tx Sig: 39rkrj2SvtfsfV6iGNWRDUZqNcPeWDuh9hWvkgRTk3GD4dsyxfCrnSCDHXMkXHRMjLyWt5qTwQzrxevRTvsLmjW5
[DEBUG] Player EY7GZSRiEs6Rpk7uAsTyxx1vZHuswrNg1ZayKjesmVKA balance: 10000000 lamports
[DEBUG] current_count from on-chain DApp = 24
[DEBUG] Derived player_pda => A3jdGXn5QXbzF5nESpBvczNT1QtdotNN3ot1C3QWZuEa
[DEBUG] user_ata => 7umwLhSJMuanPvveWVFSpDQqPBbJfNcHrJLEPC2UtqJb for player ImSoLame
[DEBUG] Derived player_name_pda => DNsb3HcKysAZrmaceqKuNxs63RBcy2LvXeSS615A4AGi
Player 'ImSoLame' => PlayerPda registered. Tx Sig: 22h4t36pru1FPGobQg37EF4tUXbqDMe89JNrCu5yXKnoseoawwxHScqZTxLPRa7adCAbhoj4vPgLdGDwYKVazHi8
[DEBUG] Compute units => 1622/159243
[DEBUG] On-chain owner of ATA = TokenkegQfeZyiNwAJbNbGKPFXCWuBvf9Ss623VQ5DA
[INFO] ATA 7umwLhSJMuanPvveWVFSpDQqPBbJfNcHrJLEPC2UtqJb is correctly owned by the Token Program.
[INFO] ATA 7umwLhSJMuanPvveWVFSpDQqPBbJfNcHrJLEPC2UtqJb authority field matches the player's wallet: EY7GZSRiEs6Rpk7uAsTyxx1vZHuswrNg1ZayKjesmVKA
[INFO] Player 'ImSoLame' registration and ATA verification completed.

[INFO] Registering player => TFPugsWESTHLTV with pubkey 4YKXHGxSLJ1KYJf1jo4QG2AfKn4VrYLxavfBL6iEYnLQ
[DEBUG] Derived reward_pubkey (ATA) => 6dcioezHRkTL4ebbtTYgteAjnyQinFHxsspnVpXg7mVP for player TFPugsWESTHLTV
[INFO] Airdropping 10000000 lamports to 4YKXHGxSLJ1KYJf1jo4QG2AfKn4VrYLxavfBL6iEYnLQ
Sent 10000000 lamports to 4YKXHGxSLJ1KYJf1jo4QG2AfKn4VrYLxavfBL6iEYnLQ. Transaction Signature: SendTransactionResp(Signature(iVp9DKiwNbdxeb4MQNcHwr97rZUvZ2e3kBtNeu5LNxdaCZeYVEfZCaYVtz3oY5QETFdy954E2cyW1bpnViNFQAU))
Type of resp: <class 'solders.rpc.responses.SendTransactionResp'>
Contents of resp: SendTransactionResp(Signature(iVp9DKiwNbdxeb4MQNcHwr97rZUvZ2e3kBtNeu5LNxdaCZeYVEfZCaYVtz3oY5QETFdy954E2cyW1bpnViNFQAU))
[DEBUG] No compute units info found in logs.
Confirmed airdrop transaction iVp9DKiwNbdxeb4MQNcHwr97rZUvZ2e3kBtNeu5LNxdaCZeYVEfZCaYVtz3oY5QETFdy954E2cyW1bpnViNFQAU for 4YKXHGxSLJ1KYJf1jo4QG2AfKn4VrYLxavfBL6iEYnLQ
[SUCCESS] Airdropped 10000000 lamports to 4YKXHGxSLJ1KYJf1jo4QG2AfKn4VrYLxavfBL6iEYnLQ. Tx Sig: iVp9DKiwNbdxeb4MQNcHwr97rZUvZ2e3kBtNeu5LNxdaCZeYVEfZCaYVtz3oY5QETFdy954E2cyW1bpnViNFQAU
[DEBUG] Player 4YKXHGxSLJ1KYJf1jo4QG2AfKn4VrYLxavfBL6iEYnLQ balance: 10000000 lamports
[DEBUG] current_count from on-chain DApp = 25
[DEBUG] Derived player_pda => 87fypTke69pP9vwiEaQ6McGEWJWxNCsH49hUwBNdyzVM
[DEBUG] user_ata => 6dcioezHRkTL4ebbtTYgteAjnyQinFHxsspnVpXg7mVP for player TFPugsWESTHLTV
[DEBUG] Derived player_name_pda => HkkUcNHDpx7DE3bPpXWALPdNhZcgT6mqP4UpMdcuA86v
Player 'TFPugsWESTHLTV' => PlayerPda registered. Tx Sig: 4zTyHhtwTHojBhMgKE4cp6fFfFQcmZtFGFq4ybcDZGWX6UREDAYg5ndRhW1Nqmc68YzPszMkPjt9uPo28S7CFTzK
[DEBUG] Compute units => 1622/160439
[DEBUG] On-chain owner of ATA = TokenkegQfeZyiNwAJbNbGKPFXCWuBvf9Ss623VQ5DA
[INFO] ATA 6dcioezHRkTL4ebbtTYgteAjnyQinFHxsspnVpXg7mVP is correctly owned by the Token Program.
[INFO] ATA 6dcioezHRkTL4ebbtTYgteAjnyQinFHxsspnVpXg7mVP authority field matches the player's wallet: 4YKXHGxSLJ1KYJf1jo4QG2AfKn4VrYLxavfBL6iEYnLQ
[INFO] Player 'TFPugsWESTHLTV' registration and ATA verification completed.

[INFO] Registering player => DiMkA_LaGeR with pubkey DYKzG4giH7Lu8ZQB4ajWM9Shzs8NWDoSP9zfTSNSgdpH
[DEBUG] Derived reward_pubkey (ATA) => 5a3Vge7XtYprAizafDuk6FZZEycS9pSeRAsrwzdvxVPr for player DiMkA_LaGeR
[INFO] Airdropping 10000000 lamports to DYKzG4giH7Lu8ZQB4ajWM9Shzs8NWDoSP9zfTSNSgdpH
Sent 10000000 lamports to DYKzG4giH7Lu8ZQB4ajWM9Shzs8NWDoSP9zfTSNSgdpH. Transaction Signature: SendTransactionResp(Signature(2M7F7TXHMFuK6wj7BQxWZn6JjWCa76q5ETabpxBvMwJm79NkDRmDvKPZQqbjFaxna2zyzsmhtiGaqJMNtX49yoBf))
Type of resp: <class 'solders.rpc.responses.SendTransactionResp'>
Contents of resp: SendTransactionResp(Signature(2M7F7TXHMFuK6wj7BQxWZn6JjWCa76q5ETabpxBvMwJm79NkDRmDvKPZQqbjFaxna2zyzsmhtiGaqJMNtX49yoBf))
[DEBUG] No compute units info found in logs.
Confirmed airdrop transaction 2M7F7TXHMFuK6wj7BQxWZn6JjWCa76q5ETabpxBvMwJm79NkDRmDvKPZQqbjFaxna2zyzsmhtiGaqJMNtX49yoBf for DYKzG4giH7Lu8ZQB4ajWM9Shzs8NWDoSP9zfTSNSgdpH
[SUCCESS] Airdropped 10000000 lamports to DYKzG4giH7Lu8ZQB4ajWM9Shzs8NWDoSP9zfTSNSgdpH. Tx Sig: 2M7F7TXHMFuK6wj7BQxWZn6JjWCa76q5ETabpxBvMwJm79NkDRmDvKPZQqbjFaxna2zyzsmhtiGaqJMNtX49yoBf
[DEBUG] Player DYKzG4giH7Lu8ZQB4ajWM9Shzs8NWDoSP9zfTSNSgdpH balance: 10000000 lamports
[DEBUG] current_count from on-chain DApp = 26
[DEBUG] Derived player_pda => 3yLUkDbHeZPaHNa7mac1EzrNHWnMQiejCduhDB12F9pd
[DEBUG] user_ata => 5a3Vge7XtYprAizafDuk6FZZEycS9pSeRAsrwzdvxVPr for player DiMkA_LaGeR
[DEBUG] Derived player_name_pda => 4GC6KoX3BdRXv1cc7GkZwQEk5qQZgskxdAoQB5xaYxYu
Player 'DiMkA_LaGeR' => PlayerPda registered. Tx Sig: BFnx6gAWkTNP2aA654mVKah6HFwKGtsjHDiLSpV8aSkmNDd4aANJXCBXfCKeQSvsJx8412MpXsSLcXUoYEwPjwr
[DEBUG] Compute units => 1622/169570
[DEBUG] On-chain owner of ATA = TokenkegQfeZyiNwAJbNbGKPFXCWuBvf9Ss623VQ5DA
[INFO] ATA 5a3Vge7XtYprAizafDuk6FZZEycS9pSeRAsrwzdvxVPr is correctly owned by the Token Program.
[INFO] ATA 5a3Vge7XtYprAizafDuk6FZZEycS9pSeRAsrwzdvxVPr authority field matches the player's wallet: DYKzG4giH7Lu8ZQB4ajWM9Shzs8NWDoSP9zfTSNSgdpH
[INFO] Player 'DiMkA_LaGeR' registration and ATA verification completed.

[INFO] Registering player => AntiHuman with pubkey AHqQ5CePbeBakrv17k6ivQU2FssrYAkXTE1HnUe7bMZP
[DEBUG] Derived reward_pubkey (ATA) => 2xKP7mU6hCkWD47RJbRzxQKSLMSHEPQo6m7jKf3b7oJi for player AntiHuman
[INFO] Airdropping 10000000 lamports to AHqQ5CePbeBakrv17k6ivQU2FssrYAkXTE1HnUe7bMZP
Sent 10000000 lamports to AHqQ5CePbeBakrv17k6ivQU2FssrYAkXTE1HnUe7bMZP. Transaction Signature: SendTransactionResp(Signature(5X8bSDQRQ7SDB5Bb66T7YmQ4aJF3y6ET2mqwxN2Zi4uyRkP7sNh8bCwGh9ioGaNmodsU16R3rvRSztKsq3hakGWK))
Type of resp: <class 'solders.rpc.responses.SendTransactionResp'>
Contents of resp: SendTransactionResp(Signature(5X8bSDQRQ7SDB5Bb66T7YmQ4aJF3y6ET2mqwxN2Zi4uyRkP7sNh8bCwGh9ioGaNmodsU16R3rvRSztKsq3hakGWK))
[DEBUG] No compute units info found in logs.
Confirmed airdrop transaction 5X8bSDQRQ7SDB5Bb66T7YmQ4aJF3y6ET2mqwxN2Zi4uyRkP7sNh8bCwGh9ioGaNmodsU16R3rvRSztKsq3hakGWK for AHqQ5CePbeBakrv17k6ivQU2FssrYAkXTE1HnUe7bMZP
[SUCCESS] Airdropped 10000000 lamports to AHqQ5CePbeBakrv17k6ivQU2FssrYAkXTE1HnUe7bMZP. Tx Sig: 5X8bSDQRQ7SDB5Bb66T7YmQ4aJF3y6ET2mqwxN2Zi4uyRkP7sNh8bCwGh9ioGaNmodsU16R3rvRSztKsq3hakGWK
[DEBUG] Player AHqQ5CePbeBakrv17k6ivQU2FssrYAkXTE1HnUe7bMZP balance: 10000000 lamports
[DEBUG] current_count from on-chain DApp = 27
[DEBUG] Derived player_pda => H5fe7F7GdPmwbp68k3mHzfGrJMWGoQCcdwxvmsRrK1Qm
[DEBUG] user_ata => 2xKP7mU6hCkWD47RJbRzxQKSLMSHEPQo6m7jKf3b7oJi for player AntiHuman
[DEBUG] Derived player_name_pda => AxWCd2upR7bxw4oNvLeXuy5quzRqWGDBZPHoHBrvao2J
Player 'AntiHuman' => PlayerPda registered. Tx Sig: 21oaKvSG7U7GyQ4HJ8rn98ux49FuQ8XKBVDzgwk47nKSn9f91fCZV6jBheNdXTjsxKz7u9EWY8ZHQyUug3kKKd69
