2025-01-19 17:03:39 - Batch execution of Solana Python scripts started.
2025-01-19 17:03:39 - Executing 1_val_pay_vals_from_localwallet.py...
Sent 1 SOL to ./val1-keypair.json. Transaction Signature: SendTransactionResp(Signature(28YxTXKsz6WaSiFbPUVA2Xnbx3c8Ykqbuk1SHEyAEVEAZaN41jGRhqMwE5Zg3GvXNqGeHH4TNdamQcEJWtcFeq7a))
Sent 1 SOL to ./val2-keypair.json. Transaction Signature: SendTransactionResp(Signature(39o8JLCwxAX1K89cqEoD5zDiLgZmCnyeMMLmH1AyqCcEnZPbT4qwyayow3xeXRVm6cDiBmR1w7j9ADrvnKsAKZNm))
Sent 1 SOL to ./val3-keypair.json. Transaction Signature: SendTransactionResp(Signature(2nDDPCuxsfYZxzgkv9HUofYGKkqbeVNRapyxCWE2KfwfUsPcaG736peDD8b73P4SiT5uvYKuFTjSPyX8qZJJHWHV))
Sent 1 SOL to ./val4-keypair.json. Transaction Signature: SendTransactionResp(Signature(2C3P1mmqdE6MUSQL2VBJrtHnXmvSdAXFjXh76vt5zaxGTCJqUtakvhNFX4BpdjKQQe7ffRMcTST12AxevfCM7Z7Y))
Sent 1 SOL to ./val5-keypair.json. Transaction Signature: SendTransactionResp(Signature(3u5TxPYqH6fLTPrmEvRLMviErpc7WSKdRyTvCEQJnXU8QC3jVvwu6SHm2CqukFUdwuiJ65WdbQBBGQ5w7fH8bbgp))
Sent 1 SOL to ./val6-keypair.json. Transaction Signature: SendTransactionResp(Signature(HzpvVpTYBhS7cU2449B9uK2mT92yLDGde3NXCR8iDrwFBedMmu4yuKhrFAdo2ZPXhzUGLhMJJSVULb7UqMYZFma))
2025-01-19 17:03:39 - 1_val_pay_vals_from_localwallet.py executed successfully.
2025-01-19 17:03:39 - Executing 2_scraper2.py...
Querying master server for TFC servers...
Request timed out
Number of unique TFC servers found: 86
Querying server: 172.83.159.2:27015
Querying server: 5.78.115.59:27015
Querying server: 54.188.146.29:27015
Querying server: 97.94.129.234:34531
Querying server: 54.153.40.112:27015
Querying server: 98.210.109.153:27015
Querying server: 192.169.85.163:27015
Querying server: 192.169.85.101:27015
Querying server: 66.33.9.184:27015
Querying server: 204.57.27.76:27015
Querying server: 76.195.132.49:25590
Querying server: 162.251.97.85:27020
Saved Rere.json in player_keys/
Saved BotTronics.json in player_keys/
Saved Jeep.json in player_keys/
Saved Dead_Cold.json in player_keys/
Saved TheUndying.json in player_keys/
Saved Devi0us.json in player_keys/
Saved satman2499.json in player_keys/
Saved oneredflag.json in player_keys/
Saved smokeyhermit.json in player_keys/
Saved mudbogger2.json in player_keys/
Saved Tis.json in player_keys/
Saved WornOutTire.json in player_keys/
Saved eecjr0914.json in player_keys/
Saved yashua.json in player_keys/
Saved HoNduH.json in player_keys/
Saved Beetlebomb.json in player_keys/
Saved Steve.json in player_keys/
Saved aaronsbarons.json in player_keys/
Saved astrocreep2000.json in player_keys/
Saved KenMll.json in player_keys/
Saved nathanll382.json in player_keys/
Saved Nitr0s0x.json in player_keys/
Saved Mars19.json in player_keys/
Saved Makaveli.json in player_keys/
Saved Limpan.json in player_keys/
Saved Bradley1968.json in player_keys/
Saved Raidden.json in player_keys/
Saved drjeckyl.json in player_keys/
Saved exige.json in player_keys/
Saved Caleb.json in player_keys/
Saved PotatoMan.json in player_keys/
Querying server: 108.61.119.170:27015
Saved BoBtheServercom27021.json in player_keys/
Saved Pam.json in player_keys/
Saved Wrench.json in player_keys/
Saved WeeBabySeamus.json in player_keys/
Saved Bobbolo.json in player_keys/
Saved Barry.json in player_keys/
Saved OtherBarry.json in player_keys/
Saved choad.json in player_keys/
Saved Cheryl.json in player_keys/
Saved Moose.json in player_keys/
Saved Viper.json in player_keys/
Saved Kreiger.json in player_keys/
Saved DeathDog.json in player_keys/
Saved Woodhouse.json in player_keys/
Saved DrEvil.json in player_keys/
Querying server: 74.91.114.206:28888
Saved CofCTV.json in player_keys/
Querying server: 66.25.218.38:27015
Saved -iLluSiON--Delusion-.json in player_keys/
Saved MintberrysRaspberries.json in player_keys/
Saved Cont486sGAYtendencies.json in player_keys/
Saved PastyGangstasShive.json in player_keys/
Saved 187srapsheet.json in player_keys/
Saved MrWalnutsTinyNut.json in player_keys/
Querying server: 68.232.160.177:27015
Querying server: 18.88.29.250:27015
Querying server: 45.32.207.158:27015
Saved Jason_Grant.json in player_keys/
Saved TheReportOfTheWeek.json in player_keys/
Saved Gemmy.json in player_keys/
Saved CaptainKirk.json in player_keys/
Saved SilverPickaxe.json in player_keys/
Saved ThePorterRockwellExperienc.json in player_keys/
Saved Dreaded_Ballsniffer.json in player_keys/
Saved SrSpyPie.json in player_keys/
Saved TFPugsWESTHLTV.json in player_keys/
Saved BoBtheServercom27020.json in player_keys/
Saved Ray.json in player_keys/
Saved TheMonarch.json in player_keys/
Saved Pugsley.json in player_keys/
Saved Grizz.json in player_keys/
Saved Cherrybomb.json in player_keys/
Saved BrockSampson.json in player_keys/
Saved Pikachu.json in player_keys/
Saved Lana.json in player_keys/
Querying server: 45.32.203.198:27035
Saved Spanka.json in player_keys/
Saved Martin.json in player_keys/
Saved Timmy.json in player_keys/
Saved Playa.json in player_keys/
Saved Herb.json in player_keys/
Saved Clay.json in player_keys/
Saved BillGates.json in player_keys/
Saved Gordon.json in player_keys/
Saved WinME.json in player_keys/
Saved Rosco.json in player_keys/
Saved Stimpy.json in player_keys/
Saved LiLPimP.json in player_keys/
Saved CheatsRGay.json in player_keys/
Saved Jose.json in player_keys/
Querying server: 192.169.81.179:27015
Querying server: 63.143.56.124:27019
Saved ESN.json in player_keys/
Querying server: 74.63.236.204:27025
Saved Humanswimpout.json in player_keys/
Saved Hey.json in player_keys/
Saved Bad.json in player_keys/
Saved Doit.json in player_keys/
Querying server: 108.181.63.74:27019
Saved Skuttlebot.json in player_keys/
Querying server: 74.91.113.200:27015
Querying server: 74.91.119.101:27015
Querying server: 74.91.119.150:27015
Querying server: 192.223.26.238:27001
Saved OST-Suicide_Kid.json in player_keys/
Saved Rafkin.json in player_keys/
Saved Triolo.json in player_keys/
Saved Harnna.json in player_keys/
Saved Blackthorn.json in player_keys/
Saved Marcy.json in player_keys/
Saved Spectre.json in player_keys/
Saved Maxwell.json in player_keys/
Saved Delphynia.json in player_keys/
Saved Jaana.json in player_keys/
Saved BehLem.json in player_keys/
Saved TFPugsCentralHLTV.json in player_keys/
Querying server: 74.91.122.11:27015
Saved JaYNasH.json in player_keys/
Saved BootyWarrior.json in player_keys/
Saved Player100.json in player_keys/
Saved SnAkE.json in player_keys/
Saved Zeta.json in player_keys/
Saved DiscombobulatedWordsaladJoe.json in player_keys/
Saved i3tau.json in player_keys/
Saved 1999-TV.json in player_keys/
Saved sgettios737.json in player_keys/
Saved FUCKINGCHODEJEANS.json in player_keys/
Saved racerj.json in player_keys/
Saved killshot.json in player_keys/
Saved Scorpion.json in player_keys/
Saved Fungus.json in player_keys/
Saved isaacsin.json in player_keys/
Saved KRAMMITE.json in player_keys/
Saved ElCabong.json in player_keys/
Saved redux.json in player_keys/
Saved Janedoe.json in player_keys/
Saved dub.json in player_keys/
Saved Patreoncom1999TFC.json in player_keys/
Saved DickFingers.json in player_keys/
Saved MICHUS.json in player_keys/
Saved Iron_Defficient_Goober.json in player_keys/
Saved harb.json in player_keys/
Saved Goldy.json in player_keys/
Saved xXFEARXx.json in player_keys/
Querying server: 74.91.115.161:27015
Saved RENEGADE-623-TPF-.json in player_keys/
Saved Haunt.json in player_keys/
Saved Mankind.json in player_keys/
Saved Kangaka.json in player_keys/
Saved Undertaker.json in player_keys/
Saved JohnWick.json in player_keys/
Saved CrazyCracker.json in player_keys/
Saved Oleum.json in player_keys/
Saved Schtoofa.json in player_keys/
Saved ironman.json in player_keys/
Querying server: 74.91.113.234:27015
Saved tNc99.json in player_keys/
Saved HanzzYolo.json in player_keys/
Saved KIMBEEZY.json in player_keys/
Saved flowstatepip.json in player_keys/
Querying server: 72.133.96.85:27018
Querying server: 24.166.16.145:27022
Querying server: 205.196.43.194:27050
Saved FoxBotnet.json in player_keys/
Querying server: 142.44.148.157:53000
Querying server: 92.119.129.204:27016
Saved MoFugger.json in player_keys/
Querying server: 75.97.192.109:27015
Saved Dave.json in player_keys/
Saved Alfonzo.json in player_keys/
Saved OST-CyKoDad.json in player_keys/
Saved creature.json in player_keys/
Saved FFL-TV.json in player_keys/
Saved Enlisted.json in player_keys/
Saved Corporal.json in player_keys/
Saved Commando.json in player_keys/
Saved Tanker.json in player_keys/
Querying server: 34.206.24.63:27020
Saved InhouseHLTV.json in player_keys/
Querying server: 172.233.224.83:27016
Saved hellohltv.json in player_keys/
Querying server: 44.202.103.140:27015
Saved MrFloorPie.json in player_keys/
Saved MrMani.json in player_keys/
Saved MrPhalanx.json in player_keys/
Saved MrBruno.json in player_keys/
Saved MrGhey.json in player_keys/
Saved MrOpossum.json in player_keys/
Saved MrThunder.json in player_keys/
Saved MrGiga.json in player_keys/
Saved MrNimda.json in player_keys/
Saved MrP4r4l4x.json in player_keys/
Saved MrWhat.json in player_keys/
Saved MrOrtega.json in player_keys/
Saved MrSwede.json in player_keys/
Saved MrTom.json in player_keys/
Saved MrNuggs.json in player_keys/
Saved Mr-X-.json in player_keys/
Querying server: 129.158.218.251:27015
Querying server: 208.104.92.237:27015
Querying server: 69.251.134.183:27017
Saved 114228421571.json in player_keys/
Saved FordFuck.json in player_keys/
Saved TheirateGamer.json in player_keys/
Saved Thatbot.json in player_keys/
Querying server: 50.116.59.192:27015
Querying server: 23.148.232.35:27285
Saved TFPugsEAST2HLTV.json in player_keys/
Querying server: 104.207.129.123:27020
Saved Bruno.json in player_keys/
Saved AR.json in player_keys/
Saved RiFFRaFF.json in player_keys/
Saved Jehster.json in player_keys/
Saved DePo.json in player_keys/
Saved MighTy.json in player_keys/
Saved SheDevil.json in player_keys/
Saved Nimda.json in player_keys/
Saved -X-.json in player_keys/
Saved Phalanx.json in player_keys/
Saved Avenger.json in player_keys/
Saved PaRallax.json in player_keys/
Saved eve.json in player_keys/
Saved What.json in player_keys/
Saved SF49ers.json in player_keys/
Saved Merrick.json in player_keys/
Querying server: 172.93.101.194:27015
Querying server: 69.10.36.10:28015
Saved TFPugsEASTNYCHLTV.json in player_keys/
Saved light.json in player_keys/
Saved Carb.json in player_keys/
Saved dk-.json in player_keys/
Saved dogshitgamer905.json in player_keys/
Saved rufaL0na.json in player_keys/
Saved b.json in player_keys/
Saved BCManu.json in player_keys/
Saved braco.json in player_keys/
Saved spek.json in player_keys/
Saved Death.json in player_keys/
Querying server: 64.31.28.203:27015
Querying server: 64.31.28.179:27015
Querying server: 64.31.28.157:27025
Querying server: 192.223.24.233:27015
Querying server: 74.91.123.162:27015
Saved Harley.json in player_keys/
Saved Mindwrp105.json in player_keys/
Saved BooBooCow.json in player_keys/
Saved huh.json in player_keys/
Saved DeadShort.json in player_keys/
Saved UPSET.json in player_keys/
Saved ImmortanJoe.json in player_keys/
Saved matt.json in player_keys/
Saved Player.json in player_keys/
Saved Tex.json in player_keys/
Saved ChromeDome.json in player_keys/
Saved Tyrannis.json in player_keys/
Saved Fred.json in player_keys/
Saved Pelushi.json in player_keys/
Saved LoafeR.json in player_keys/
Saved javito.json in player_keys/
Saved xero.json in player_keys/
Saved gaba-gayfrogtacticsninja.json in player_keys/
Saved ___ThaChef-.json in player_keys/
Saved mewss.json in player_keys/
Saved RogerRamJet.json in player_keys/
Saved Thanoulis.json in player_keys/
Saved SonGokuBB.json in player_keys/
Saved frankensinatra.json in player_keys/
Saved Poopy.json in player_keys/
Saved D2F-HLTV.json in player_keys/
Querying server: 74.91.123.34:27015
Saved Richard.json in player_keys/
Saved Kevin.json in player_keys/
Saved Russell.json in player_keys/
Saved Samuel.json in player_keys/
Saved Josh.json in player_keys/
Saved Nathan.json in player_keys/
Saved Percy.json in player_keys/
Saved Terry.json in player_keys/
Saved Melvin.json in player_keys/
Saved Frank.json in player_keys/
Saved Mike.json in player_keys/
Querying server: 74.91.116.214:27015
Saved Reloaded-HLTV.json in player_keys/
Saved Reloaded-Staff.json in player_keys/
Saved StarWarskid.json in player_keys/
Saved LiuKang.json in player_keys/
Querying server: 167.88.44.161:27015
Saved MasterChief.json in player_keys/
Saved SonyPlaystationhater.json in player_keys/
Saved MichaelRomeo.json in player_keys/
Saved DaleCooper.json in player_keys/
Saved Sonic.json in player_keys/
Saved Windows98user.json in player_keys/
Saved AlexKidd.json in player_keys/
Querying server: 38.40.74.41:27020
Saved UnclePhil.json in player_keys/
Saved Rayman.json in player_keys/
Saved LoWang.json in player_keys/
Saved HomerSimpson.json in player_keys/
Saved BigSmoke.json in player_keys/
Saved InnocentIII.json in player_keys/
Saved MatthiasCorvinus.json in player_keys/
Saved ArthurHaselrig.json in player_keys/
Saved Tancred.json in player_keys/
Saved Mo.json in player_keys/
Saved HOPbird.json in player_keys/
Saved Chef.json in player_keys/
Saved MaTTy.json in player_keys/
Saved FedEx.json in player_keys/
Saved Gibbs.json in player_keys/
Saved wolfeet1337.json in player_keys/
Saved bmonkey.json in player_keys/
Saved Smett.json in player_keys/
Saved Aidan.json in player_keys/
Querying server: 45.77.162.42:27015
Saved FBTV.json in player_keys/
Querying server: 145.239.6.180:27000
Querying server: 145.239.6.111:27050
Querying server: 178.32.3.3:27008
Querying server: 51.195.252.162:27015
Querying server: 82.165.193.67:27015
Saved Kenny.json in player_keys/
Saved Cartman.json in player_keys/
Saved Kyle.json in player_keys/
Saved Stan.json in player_keys/
Saved Jimbo.json in player_keys/
Saved Ned.json in player_keys/
Saved Butters.json in player_keys/
Saved Tweak.json in player_keys/
Saved TFPugsSOUTHEASTHLTV.json in player_keys/
Querying server: 192.248.163.247:27015
Saved Anubis.json in player_keys/
Saved BCRicz.json in player_keys/
Saved Klone.json in player_keys/
Saved Defrag.json in player_keys/
Saved mclcaeium.json in player_keys/
Saved SacredSouljah.json in player_keys/
Saved -f-f6.json in player_keys/
Saved -IST-NDiCA.json in player_keys/
Saved Archerz.json in player_keys/
Saved An0.json in player_keys/
Saved Rock.json in player_keys/
Saved Rojola.json in player_keys/
Saved RecZ.json in player_keys/
Saved Nemesis.json in player_keys/
Saved g.json in player_keys/
Saved BCMirage.json in player_keys/
Saved Uranium.json in player_keys/
Saved T1k1.json in player_keys/
Saved KaoSKID.json in player_keys/
Saved PwNAgEb.json in player_keys/
Saved Absinthe.json in player_keys/
Querying server: 88.97.252.184:27015
Saved WORLDSbestskillServertv.json in player_keys/
Saved JuliuS_CaesaR.json in player_keys/
Saved chinodechina.json in player_keys/
Querying server: 188.165.244.220:27130
Querying server: 5.196.63.134:27015
Querying server: 90.110.222.80:27016
Saved RoystonVaseyTV.json in player_keys/
Saved Pauline.json in player_keys/
Saved Ollie.json in player_keys/
Querying server: 194.163.156.183:27015
Saved twitchtvgamewatchparty.json in player_keys/
Saved EUHLTV.json in player_keys/
Querying server: 217.160.162.135:27019
Saved ElLobstero.json in player_keys/
Saved Dotcom.json in player_keys/
Saved Ian.json in player_keys/
Saved Grubber.json in player_keys/
Saved DeadSurfer.json in player_keys/
Saved Kippa.json in player_keys/
Saved Carly.json in player_keys/
Querying server: 79.207.101.159:27017
Querying server: 89.36.216.8:27017
Saved CSSUX.json in player_keys/
Saved SmellULater.json in player_keys/
Saved Spanner.json in player_keys/
Saved Cardinal.json in player_keys/
Saved FuzzyBunny.json in player_keys/
Saved Glenn.json in player_keys/
Saved MrMan.json in player_keys/
Saved ED-209.json in player_keys/
Saved Captain_Picard.json in player_keys/
Querying server: 4.185.106.208:27115
Saved Aurora_Spencer.json in player_keys/
Saved HLTV-discordgggTxXDuGGTg.json in player_keys/
Querying server: 136.243.174.101:27216
Querying server: 116.202.113.54:27015
Saved ElonMusk.json in player_keys/
Saved Doge1.json in player_keys/
Saved Doge5.json in player_keys/
Saved Doge2.json in player_keys/
Saved Doge6.json in player_keys/
Saved Doge3.json in player_keys/
Saved Doge7.json in player_keys/
Saved Doge4.json in player_keys/
Saved Doge8.json in player_keys/
Failed to query server at 192.169.85.101:27015: timed out
Querying server: 94.130.132.169:27079
Querying server: 116.202.113.50:27115
Saved L0ST.json in player_keys/
Saved Fuckingdoit.json in player_keys/
Saved yuliya.json in player_keys/
Saved PASTA.json in player_keys/
Saved RuSlanKZ.json in player_keys/
Saved SmArT.json in player_keys/
Saved Domino.json in player_keys/
Saved EmanuelMendesPlay.json in player_keys/
Saved SHOOT.json in player_keys/
Saved PaTrIoT.json in player_keys/
Saved 4eter.json in player_keys/
Saved VIP-yangguo.json in player_keys/
Querying server: 213.133.103.125:27285
Saved Grandreaper.json in player_keys/
Querying server: 89.179.240.119:27065
Querying server: 70.34.244.247:27915
Failed to query server at 76.195.132.49:25590: timed out
Querying server: 176.37.54.236:27015
Querying server: 220.130.108.125:27012
Querying server: 181.192.79.104:27024
Querying server: 121.99.240.213:27018
Querying server: 51.161.212.218:27020
Querying server: 13.236.204.222:27015
Querying server: 202.169.104.136:43216
Failed to query server at 75.97.192.109:27015: timed out
Saved tibu.json in player_keys/
Saved Ernie.json in player_keys/
Saved BigDaddy.json in player_keys/
Saved MastEr.json in player_keys/
Saved JesseJames.json in player_keys/
Saved geniousatwork.json in player_keys/
Saved RebelKid.json in player_keys/
Saved Medic.json in player_keys/
Saved Brit.json in player_keys/
Saved RainMan.json in player_keys/
Saved Earp.json in player_keys/
Saved -GY-Timo.json in player_keys/
Saved LMFGGLONG.json in player_keys/
Saved LMFyangjj.json in player_keys/
Saved -GY-JERFER.json in player_keys/
Saved -GY-541.json in player_keys/
Saved -SGL-NAVY.json in player_keys/
Saved LMFDenny.json in player_keys/
Saved LMFLouwbas.json in player_keys/
Saved -SGL-Echo-01.json in player_keys/
Saved LMFH.json in player_keys/
Saved -GY-CHAO.json in player_keys/
Saved -GY-KAMISAMA.json in player_keys/
Saved LMFLung.json in player_keys/
Saved LMFT-ReX.json in player_keys/
Saved -GY--2001-.json in player_keys/
Saved -GY-MatsuTakako.json in player_keys/
Saved -GY-DontkillmelaQ_Q.json in player_keys/
Saved -GY-2099AC.json in player_keys/
Failed to query server at 208.104.92.237:27015: timed out
Failed to query server at 64.31.28.203:27015: timed out
Failed to query server at 79.207.101.159:27017: timed out

All player data has been saved individually in the player_keys/ folder.
2025-01-19 17:04:06 - 2_scraper2.py executed successfully.
2025-01-19 17:04:06 - Executing 3_test_fancoin.py...
Traceback (most recent call last):
  File "/home/devuan/Desktop/dev/Solana_Dev/fancoin/scripts/3_test_fancoin.py", line 165, in register_validator_pda
    tx_sig = await program.rpc["register_validator_pda"](
             ^^^^^^^^^^^^^^^^^^^^^^^^^^^^^^^^^^^^^^^^^^^^
  File "/home/devuan/Desktop/dev/Solana_Dev/venv2/lib/python3.11/site-packages/anchorpy/program/namespace/rpc.py", line 63, in rpc_fn
    return await provider.send(tx, ctx.options)
           ^^^^^^^^^^^^^^^^^^^^^^^^^^^^^^^^^^^^
  File "/home/devuan/Desktop/dev/Solana_Dev/venv2/lib/python3.11/site-packages/anchorpy/provider.py", line 122, in send
    resp = await self.connection.send_raw_transaction(raw, opts=opts)
           ^^^^^^^^^^^^^^^^^^^^^^^^^^^^^^^^^^^^^^^^^^^^^^^^^^^^^^^^^^
  File "/home/devuan/Desktop/dev/Solana_Dev/venv2/lib/python3.11/site-packages/solana/rpc/async_api.py", line 1012, in send_raw_transaction
    resp = await self._provider.make_request(body, SendTransactionResp)
           ^^^^^^^^^^^^^^^^^^^^^^^^^^^^^^^^^^^^^^^^^^^^^^^^^^^^^^^^^^^^
  File "/home/devuan/Desktop/dev/Solana_Dev/venv2/lib/python3.11/site-packages/solana/exceptions.py", line 60, in argument_decorator
    return await func(*args, **kwargs)
           ^^^^^^^^^^^^^^^^^^^^^^^^^^^
  File "/home/devuan/Desktop/dev/Solana_Dev/venv2/lib/python3.11/site-packages/solana/rpc/providers/async_http.py", line 60, in make_request
    return _parse_raw(raw, parser=parser)
           ^^^^^^^^^^^^^^^^^^^^^^^^^^^^^^
  File "/home/devuan/Desktop/dev/Solana_Dev/venv2/lib/python3.11/site-packages/solana/rpc/providers/core.py", line 98, in _parse_raw
    raise RPCException(parsed)
solana.rpc.core.RPCException: SendTransactionPreflightFailureMessage { message: "Transaction simulation failed: Error processing Instruction 0: custom program error: 0x0", data: RpcSimulateTransactionResult(RpcSimulateTransactionResult { err: Some(InstructionError(0, Custom(0))), logs: Some(["Program HP9ucKGU9Sad7EaWjrGULC2ZSyYD1ScxVPh15QmdRmut invoke [1]", "Program log: Instruction: RegisterValidatorPda", "Program 11111111111111111111111111111111 invoke [2]", "Allocate: account Address { address: AeyppVe3FdjDpiF9HtBTiDdWXCfZ6qjyfGDNcTSL3zFF, base: None } already in use", "Program 11111111111111111111111111111111 failed: custom program error: 0x0", "Program HP9ucKGU9Sad7EaWjrGULC2ZSyYD1ScxVPh15QmdRmut consumed 12619 of 200000 compute units", "Program HP9ucKGU9Sad7EaWjrGULC2ZSyYD1ScxVPh15QmdRmut failed: custom program error: 0x0"]), accounts: None, units_consumed: Some(12619), return_data: None, inner_instructions: None }) }
Traceback (most recent call last):
  File "/home/devuan/Desktop/dev/Solana_Dev/fancoin/scripts/3_test_fancoin.py", line 355, in main
    validator_pda = await register_validator_pda(program, client, game_pda, game_number, validator_kp)
                    ^^^^^^^^^^^^^^^^^^^^^^^^^^^^^^^^^^^^^^^^^^^^^^^^^^^^^^^^^^^^^^^^^^^^^^^^^^^^^^^^^^
  File "/home/devuan/Desktop/dev/Solana_Dev/fancoin/scripts/3_test_fancoin.py", line 165, in register_validator_pda
    tx_sig = await program.rpc["register_validator_pda"](
             ^^^^^^^^^^^^^^^^^^^^^^^^^^^^^^^^^^^^^^^^^^^^
  File "/home/devuan/Desktop/dev/Solana_Dev/venv2/lib/python3.11/site-packages/anchorpy/program/namespace/rpc.py", line 63, in rpc_fn
    return await provider.send(tx, ctx.options)
           ^^^^^^^^^^^^^^^^^^^^^^^^^^^^^^^^^^^^
  File "/home/devuan/Desktop/dev/Solana_Dev/venv2/lib/python3.11/site-packages/anchorpy/provider.py", line 122, in send
    resp = await self.connection.send_raw_transaction(raw, opts=opts)
           ^^^^^^^^^^^^^^^^^^^^^^^^^^^^^^^^^^^^^^^^^^^^^^^^^^^^^^^^^^
  File "/home/devuan/Desktop/dev/Solana_Dev/venv2/lib/python3.11/site-packages/solana/rpc/async_api.py", line 1012, in send_raw_transaction
    resp = await self._provider.make_request(body, SendTransactionResp)
           ^^^^^^^^^^^^^^^^^^^^^^^^^^^^^^^^^^^^^^^^^^^^^^^^^^^^^^^^^^^^
  File "/home/devuan/Desktop/dev/Solana_Dev/venv2/lib/python3.11/site-packages/solana/exceptions.py", line 60, in argument_decorator
    return await func(*args, **kwargs)
           ^^^^^^^^^^^^^^^^^^^^^^^^^^^
  File "/home/devuan/Desktop/dev/Solana_Dev/venv2/lib/python3.11/site-packages/solana/rpc/providers/async_http.py", line 60, in make_request
    return _parse_raw(raw, parser=parser)
           ^^^^^^^^^^^^^^^^^^^^^^^^^^^^^^
  File "/home/devuan/Desktop/dev/Solana_Dev/venv2/lib/python3.11/site-packages/solana/rpc/providers/core.py", line 98, in _parse_raw
    raise RPCException(parsed)
solana.rpc.core.RPCException: SendTransactionPreflightFailureMessage { message: "Transaction simulation failed: Error processing Instruction 0: custom program error: 0x0", data: RpcSimulateTransactionResult(RpcSimulateTransactionResult { err: Some(InstructionError(0, Custom(0))), logs: Some(["Program HP9ucKGU9Sad7EaWjrGULC2ZSyYD1ScxVPh15QmdRmut invoke [1]", "Program log: Instruction: RegisterValidatorPda", "Program 11111111111111111111111111111111 invoke [2]", "Allocate: account Address { address: AeyppVe3FdjDpiF9HtBTiDdWXCfZ6qjyfGDNcTSL3zFF, base: None } already in use", "Program 11111111111111111111111111111111 failed: custom program error: 0x0", "Program HP9ucKGU9Sad7EaWjrGULC2ZSyYD1ScxVPh15QmdRmut consumed 12619 of 200000 compute units", "Program HP9ucKGU9Sad7EaWjrGULC2ZSyYD1ScxVPh15QmdRmut failed: custom program error: 0x0"]), accounts: None, units_consumed: Some(12619), return_data: None, inner_instructions: None }) }
Setting up provider and loading program...
Program loaded successfully.
Initializing DApp account...
DApp PDA: pgR7gQmWjRC99twVwnB2v51iUPVne6gGVt6wQNv1NWD, Bump: 254
DApp account already exists. Skipping initialization.

Initializing Mint for DApp...
Mint + MintAuthority accounts already exist; skipping.
The variable has been written to output.txt

Initializing Game account...
Game PDA: 3vEkrbp9HCRPs1YMWeb3mk3sRa3EZKv4gCjXNyuW6cNe, Bump: 255
Game account already exists. Skipping initialization.

Registering a new Validator PDA (user-based seeds)...
[DEBUG] Derived validator_pda = AeyppVe3FdjDpiF9HtBTiDdWXCfZ6qjyfGDNcTSL3zFF, Bump = 251
Error registering Validator PDA: SendTransactionPreflightFailureMessage { message: "Transaction simulation failed: Error processing Instruction 0: custom program error: 0x0", data: RpcSimulateTransactionResult(RpcSimulateTransactionResult { err: Some(InstructionError(0, Custom(0))), logs: Some(["Program HP9ucKGU9Sad7EaWjrGULC2ZSyYD1ScxVPh15QmdRmut invoke [1]", "Program log: Instruction: RegisterValidatorPda", "Program 11111111111111111111111111111111 invoke [2]", "Allocate: account Address { address: AeyppVe3FdjDpiF9HtBTiDdWXCfZ6qjyfGDNcTSL3zFF, base: None } already in use", "Program 11111111111111111111111111111111 failed: custom program error: 0x0", "Program HP9ucKGU9Sad7EaWjrGULC2ZSyYD1ScxVPh15QmdRmut consumed 12619 of 200000 compute units", "Program HP9ucKGU9Sad7EaWjrGULC2ZSyYD1ScxVPh15QmdRmut failed: custom program error: 0x0"]), accounts: None, units_consumed: Some(12619), return_data: None, inner_instructions: None }) }
An unexpected error occurred.
SendTransactionPreflightFailureMessage { message: "Transaction simulation failed: Error processing Instruction 0: custom program error: 0x0", data: RpcSimulateTransactionResult(RpcSimulateTransactionResult { err: Some(InstructionError(0, Custom(0))), logs: Some(["Program HP9ucKGU9Sad7EaWjrGULC2ZSyYD1ScxVPh15QmdRmut invoke [1]", "Program log: Instruction: RegisterValidatorPda", "Program 11111111111111111111111111111111 invoke [2]", "Allocate: account Address { address: AeyppVe3FdjDpiF9HtBTiDdWXCfZ6qjyfGDNcTSL3zFF, base: None } already in use", "Program 11111111111111111111111111111111 failed: custom program error: 0x0", "Program HP9ucKGU9Sad7EaWjrGULC2ZSyYD1ScxVPh15QmdRmut consumed 12619 of 200000 compute units", "Program HP9ucKGU9Sad7EaWjrGULC2ZSyYD1ScxVPh15QmdRmut failed: custom program error: 0x0"]), accounts: None, units_consumed: Some(12619), return_data: None, inner_instructions: None }) }
Closed Solana RPC client.
2025-01-19 17:04:07 - 3_test_fancoin.py executed successfully.
2025-01-19 17:04:07 - Executing 4_test_fancoin_2.py...
Traceback (most recent call last):
  File "/home/devuan/Desktop/dev/Solana_Dev/fancoin/scripts/4_test_fancoin_2.py", line 380, in main
    await submit_minting_list(
  File "/home/devuan/Desktop/dev/Solana_Dev/fancoin/scripts/4_test_fancoin_2.py", line 291, in submit_minting_list
    tx_sig = await program.rpc["submit_minting_list"](
             ^^^^^^^^^^^^^^^^^^^^^^^^^^^^^^^^^^^^^^^^^
  File "/home/devuan/Desktop/dev/Solana_Dev/venv2/lib/python3.11/site-packages/anchorpy/program/namespace/rpc.py", line 58, in rpc_fn
    tx = tx_fn(
         ^^^^^^
  File "/home/devuan/Desktop/dev/Solana_Dev/venv2/lib/python3.11/site-packages/anchorpy/program/namespace/transaction.py", line 56, in tx_fn
    ixns.append(ix_fn(*args, ctx=ctx))
                ^^^^^^^^^^^^^^^^^^^^^
  File "/home/devuan/Desktop/dev/Solana_Dev/venv2/lib/python3.11/site-packages/anchorpy/program/namespace/instruction.py", line 64, in __call__
    validate_accounts(self.idl_ix.accounts, ctx.accounts)
  File "/home/devuan/Desktop/dev/Solana_Dev/venv2/lib/python3.11/site-packages/anchorpy/program/common.py", line 76, in validate_accounts
    raise ValueError(f"Invalid arguments: {acc_name} not provided")
ValueError: Invalid arguments: associated_token_program not provided
Setting up provider and loading program...
Program loaded successfully.
Initializing DApp account...
DApp PDA: pgR7gQmWjRC99twVwnB2v51iUPVne6gGVt6wQNv1NWD, Bump: 254
DApp account already exists. Skipping initialization.

Initializing Mint for DApp...
Mint + MintAuthority accounts already exist; skipping.
The variable has been written to output.txt

Initializing Game account...
Game PDA: 3vEkrbp9HCRPs1YMWeb3mk3sRa3EZKv4gCjXNyuW6cNe, Bump: 255
Game account already exists. Skipping initialization.

Registering a new Validator PDA (user-based seeds)...
[DEBUG] Derived validator_pda = 4HqsDmzs9re4abxJ2DrCsRvAFSsNZufe5bzQ95ayaSWn, Bump = 251
ValidatorPda registered. Tx Sig: 4V6fkUsXfuXpwKkzFsUzwB4xv3YyBLPmpncT9RXPFQ8oD6uBU83dEzvK7LaTh2cwD2hk4WAstyykmhDeGNSfbUha

Punching In as Validator...
Punched in successfully. Transaction Signature: 4L9hgLCusYH6iYkNHguFcC7vx1jKJcaLsBXXvrpEbiXBKGGHdv93weqyAqztDmqg6pQfQ7em8U9RRLYDgHgCq7hB

Registering a new Player PDA...
[DEBUG] dapp.global_player_count = 23
[DEBUG] Derived player_pda = 3s1mPi7vmtRa82oVtHbTpNFJCYhMCqKCmCZL9d4xweVo, Bump = 255
[DEBUG] Derived user_ata = 2jpnzvAdF9bGcy6H4aQsbJG1LQDdWXT2YnWPYDTTmogq
PlayerPda 'Alice' created => 3s1mPi7vmtRa82oVtHbTpNFJCYhMCqKCmCZL9d4xweVo. Tx Sig: 2ox2fgsTQoHKKY7P8LRjYuZCZb6p3wkQiZMebEHXhTCw7DS2R1nELLfC5rvU1QrS3Cnz1w2YsD1aZjryPA72rRga

Submitting Minting List => leftover [PlayerPda, ATA]...
An unexpected error occurred.
Invalid arguments: associated_token_program not provided
Closed Solana RPC client.
2025-01-19 17:04:09 - 4_test_fancoin_2.py executed successfully.
2025-01-19 17:04:09 - Executing 5_bulk_register_players_with_airdrop2.py...
