2025-01-23 10:27:48 - Batch execution of Solana Python scripts started.
2025-01-23 10:27:48 - Executing 1_val_pay_vals_from_localwallet.py...
Sent 1 SOL to ./val1-keypair.json. Transaction Signature: SendTransactionResp(Signature(mgq2RHnxhAxYfjkh4HrTyjVBe81G4Ukmk9Y1UrCPpFQCXk4KzVP8MzbhSRFjgEvAmEMvHzQHJ9gbDgr3H398XJX))
Sent 1 SOL to ./val2-keypair.json. Transaction Signature: SendTransactionResp(Signature(2HqT8wPuCeqVtMjbpBkc9MExn8egd7E2hr6H9Y3rViEX8gmq6ideZC45EcP1nR619hgPcsZgboMjhJkMP1oB85TV))
Sent 1 SOL to ./val3-keypair.json. Transaction Signature: SendTransactionResp(Signature(4zYhoiyVetggtwovUT4LEbAiwXxArTNRxZYU3frh57YJXPedV7CbfKjqwD4DWHUKGku1Rk1jkWJ94793bMdY5P9E))
Sent 1 SOL to ./val4-keypair.json. Transaction Signature: SendTransactionResp(Signature(fGifuQ33L4nPHsHVJ2KeUZFBUdF2PJDRPELq3Ysckk4UrMn6AD185fV653aCnjrrjXN4UbTCJfxesnK7YPFDfo9))
Sent 1 SOL to ./val5-keypair.json. Transaction Signature: SendTransactionResp(Signature(4kr5VHGdD4m3GfMepE8PP8pnEEDJ3KfQyfazhHcp1GPiPULYDQ2qBvMFcvPk1VT6avKguVwH628GeHnnyh8nLb1W))
Sent 1 SOL to ./val6-keypair.json. Transaction Signature: SendTransactionResp(Signature(2u6dG9LZJ8kq7Uhq1eLBkxfDx78Cjwvar2Ca3uXMVTYAVif5CiSMDohseiFFnNPtffxasGxvfGdVWgtZ2zksMiwp))
2025-01-23 10:27:49 - 1_val_pay_vals_from_localwallet.py executed successfully.
2025-01-23 10:27:49 - Executing 2_scraper2.py...
Querying master server for TFC servers...
Request timed out
Number of unique TFC servers found: 84
Querying server: 172.83.159.2:27015
Querying server: 5.78.115.59:27015
Querying server: 54.188.146.29:27015
Querying server: 97.94.129.234:34531
Querying server: 54.153.40.112:27015
Querying server: 98.210.109.153:27015
Querying server: 192.169.85.163:27015
Querying server: 192.169.85.101:27015
Querying server: 66.33.9.184:27015
Querying server: 204.57.27.76:27015
Querying server: 76.195.132.49:25590
Querying server: 162.251.97.85:27040
Querying server: 108.61.119.170:27015
Querying server: 74.91.114.206:27015
Querying server: 66.25.218.38:27015
Saved BoBtheServercom27021.json in player_keys/
Saved Pam.json in player_keys/
Saved BrockSampson.json in player_keys/
Saved Pugsley.json in player_keys/
Saved Grizz.json in player_keys/
Saved Bobbolo.json in player_keys/
Saved Viper.json in player_keys/
Saved DrVenture.json in player_keys/
Saved choad.json in player_keys/
Saved Highlander.json in player_keys/
Saved MolotovCocktease.json in player_keys/
Saved Duchess.json in player_keys/
Saved Wrench.json in player_keys/
Saved Trinity.json in player_keys/
Saved Lana.json in player_keys/
Saved TFPugsWESTHLTV.json in player_keys/
Saved SuperMario.json in player_keys/
Saved SuperLuigi.json in player_keys/
Saved Rere.json in player_keys/
Saved BotTronics.json in player_keys/
Saved Jeep.json in player_keys/
Saved Dead_Cold.json in player_keys/
Saved TheUndying.json in player_keys/
Saved Devi0us.json in player_keys/
Saved satman2499.json in player_keys/
Saved oneredflag.json in player_keys/
Saved smokeyhermit.json in player_keys/
Saved mudbogger2.json in player_keys/
Saved Tis.json in player_keys/
Saved WornOutTire.json in player_keys/
Saved eecjr0914.json in player_keys/
Saved yashua.json in player_keys/
Saved HoNduH.json in player_keys/
Saved Beetlebomb.json in player_keys/
Saved Steve.json in player_keys/
Saved aaronsbarons.json in player_keys/
Saved astrocreep2000.json in player_keys/
Saved KenMll.json in player_keys/
Saved nathanll382.json in player_keys/
Saved Nitr0s0x.json in player_keys/
Saved Mars19.json in player_keys/
Saved Makaveli.json in player_keys/
Saved Limpan.json in player_keys/
Saved Bradley1968.json in player_keys/
Saved Raidden.json in player_keys/
Saved drjeckyl.json in player_keys/
Saved exige.json in player_keys/
Saved PastyGangstasShive.json in player_keys/
Saved MrWalnutsTinyNut.json in player_keys/
Saved RedRebelsLargeCannon.json in player_keys/
Saved ParkRangersTeddyBear.json in player_keys/
Saved MintberrysRaspberries.json in player_keys/
Querying server: 68.232.160.177:27015
Saved MovieSkeleton.json in player_keys/
Saved NapoleonDynamo.json in player_keys/
Saved TheHackerReddChanit.json in player_keys/
Saved MarioDismantlesYou.json in player_keys/
Saved funny_fungus.json in player_keys/
Saved TubGuy.json in player_keys/
Saved Grayson_Jant.json in player_keys/
Saved BigRobertsons.json in player_keys/
Querying server: 45.32.203.198:27035
Querying server: 45.32.207.158:27015
Saved CofCTV.json in player_keys/
Querying server: 208.115.255.4:27015
Querying server: 192.169.81.179:27015
Saved MrMan.json in player_keys/
Saved LiLPimP.json in player_keys/
Saved Grubber.json in player_keys/
Saved FoxBotnet.json in player_keys/
Saved AntiHuman.json in player_keys/
Saved MoFugger.json in player_keys/
Saved Jose.json in player_keys/
Saved Dave.json in player_keys/
Saved PlayaHata.json in player_keys/
Saved Gordon.json in player_keys/
Saved Herb.json in player_keys/
Saved Bizitch.json in player_keys/
Saved DeadSurfer.json in player_keys/
Saved FuzzyBunny.json in player_keys/
Saved BoBtheServercom27020.json in player_keys/
Saved OtherBarry.json in player_keys/
Saved Barry.json in player_keys/
Saved Dean.json in player_keys/
Saved Kreiger.json in player_keys/
Saved Hank.json in player_keys/
Saved Cherrybomb.json in player_keys/
Saved Mallory.json in player_keys/
Saved DeathDog.json in player_keys/
Querying server: 63.143.56.124:27015
Querying server: 74.63.236.204:27015
Querying server: 108.181.63.74:27019
Saved Skuttlebot.json in player_keys/
Querying server: 74.91.122.11:27015
Saved Hey.json in player_keys/
Saved Jack.json in player_keys/
Saved Iam.json in player_keys/
Saved No.json in player_keys/
Querying server: 74.91.119.101:27015
Saved ESN.json in player_keys/
Saved BenDover.json in player_keys/
Saved HughGRection.json in player_keys/
Saved OliverCloseoff.json in player_keys/
Saved MikeHunt.json in player_keys/
Saved HarryCox.json in player_keys/
Saved JackInoff.json in player_keys/
Querying server: 74.91.113.234:27015
Querying server: 74.91.113.200:27015
Saved Molly.json in player_keys/
Saved Dex.json in player_keys/
Saved ironman.json in player_keys/
Saved Spock.json in player_keys/
Saved Scotty.json in player_keys/
Saved CyberCop.json in player_keys/
Saved Kane.json in player_keys/
Saved Kangaka.json in player_keys/
Saved Angi3.json in player_keys/
Saved JohnWick.json in player_keys/
Querying server: 192.223.26.238:27001
Saved Rafkin.json in player_keys/
Saved Triolo.json in player_keys/
Saved Harnna.json in player_keys/
Saved Blackthorn.json in player_keys/
Saved Marcy.json in player_keys/
Saved Spectre.json in player_keys/
Saved Maxwell.json in player_keys/
Saved Delphynia.json in player_keys/
Saved Jaana.json in player_keys/
Saved Zulith.json in player_keys/
Querying server: 74.91.119.150:27015
Querying server: 74.91.115.161:27015
Saved Goldy.json in player_keys/
Saved ElCabong.json in player_keys/
Saved Cook.json in player_keys/
Saved --OsiriS.json in player_keys/
Saved pizzacat.json in player_keys/
Saved cheese.json in player_keys/
Saved HepC.json in player_keys/
Saved Sparrow.json in player_keys/
Saved The_G_Mannn.json in player_keys/
Saved Nuggs.json in player_keys/
Saved Patreoncom1999TFC.json in player_keys/
Querying server: 72.133.96.85:27017
Querying server: 24.166.16.145:27015
Saved Veteran.json in player_keys/
Saved General.json in player_keys/
Saved NCO.json in player_keys/
Saved Enlisted.json in player_keys/
Querying server: 205.196.43.194:27050
Querying server: 142.44.148.157:53000
Querying server: 92.119.129.204:27016
Saved Steave.json in player_keys/
Saved AOL.json in player_keys/
Saved Austin.json in player_keys/
Saved Cheese.json in player_keys/
Saved Medic.json in player_keys/
Saved Cardinal.json in player_keys/
Saved SmellULater.json in player_keys/
Saved Spanner.json in player_keys/
Querying server: 129.158.218.251:27015
Saved hellohltv.json in player_keys/
Querying server: 172.233.224.83:27016
Querying server: 34.206.24.63:27015
Saved FFL-TV.json in player_keys/
Querying server: 44.202.103.140:27015
Saved InhouseHLTV.json in player_keys/
Querying server: 69.251.134.183:27017
Saved SuisoBakudan.json in player_keys/
Saved AoiKitsune.json in player_keys/
Saved UncleWangchung.json in player_keys/
Saved Oni.json in player_keys/
Saved ZurajanaiKatsura.json in player_keys/
Saved Kuroneko.json in player_keys/
Saved Mac.json in player_keys/
Saved Tamerlane.json in player_keys/
Saved Sonic.json in player_keys/
Saved Noobcaek.json in player_keys/
Saved ZurajanaiZurako.json in player_keys/
Saved HiddenPower.json in player_keys/
Saved Nineball.json in player_keys/
Saved Zurajanaiillsmithdesu.json in player_keys/
Saved WinMESux.json in player_keys/
Saved Barbarossa.json in player_keys/
Saved 8237.json in player_keys/
Saved Onyx.json in player_keys/
Saved Arclite.json in player_keys/
Saved Mustang.json in player_keys/
Saved Augustus.json in player_keys/
Saved Goldie.json in player_keys/
Saved DSignal.json in player_keys/
Saved Spiteful.json in player_keys/
Querying server: 50.116.59.192:27015
Querying server: 23.148.232.35:27285
Querying server: 104.207.129.123:27020
Querying server: 172.93.101.194:27015
Saved rainniiiiiieeeee.json in player_keys/
Saved Botnamedkid.json in player_keys/
Saved OsamaBeenLaggin.json in player_keys/
Saved fishgif.json in player_keys/
Querying server: 69.10.36.10:28015
Saved Bruno.json in player_keys/
Saved Phalanx.json in player_keys/
Saved AR.json in player_keys/
Saved RiFFRaFF.json in player_keys/
Saved Jehster.json in player_keys/
Saved DePo.json in player_keys/
Saved MighTy.json in player_keys/
Saved SheDevil.json in player_keys/
Saved Nimda.json in player_keys/
Saved -X-.json in player_keys/
Saved Avenger.json in player_keys/
Saved PaRallax.json in player_keys/
Saved eve.json in player_keys/
Saved What.json in player_keys/
Saved SF49ers.json in player_keys/
Saved Merrick.json in player_keys/
Querying server: 64.31.28.179:27015
Saved TFPugsEAST2HLTV.json in player_keys/
Querying server: 64.31.28.157:27025
Saved TFPugsEASTHLTV.json in player_keys/
Querying server: 64.31.28.203:27015
Saved TFPugsEASTNYCHLTV.json in player_keys/
Saved twitchtvgamewatchparty.json in player_keys/
Saved zozozozo.json in player_keys/
Saved BCDeath.json in player_keys/
Saved shanthan.json in player_keys/
Saved Player.json in player_keys/
Saved b.json in player_keys/
Saved JasonDesu.json in player_keys/
Saved Carb.json in player_keys/
Saved SkE.json in player_keys/
Saved GoonFortressClassic.json in player_keys/
Querying server: 74.91.123.34:27015
Querying server: 74.91.123.162:27015
Querying server: 192.223.24.233:27015
Querying server: 74.91.116.214:27015
Saved RogerRamJet.json in player_keys/
Saved --RENEGADE-623-TPF-.json in player_keys/
Saved Thogamer1324.json in player_keys/
Saved Justice.json in player_keys/
Saved ZAPPA.json in player_keys/
Saved thuperduperthexy.json in player_keys/
Saved D2F-HLTV.json in player_keys/
Querying server: 167.88.44.161:27015
Saved 2112.json in player_keys/
Saved Richard.json in player_keys/
Saved Kevin.json in player_keys/
Saved Russell.json in player_keys/
Saved Samuel.json in player_keys/
Saved Josh.json in player_keys/
Saved Nathan.json in player_keys/
Saved Tex.json in player_keys/
Saved Bob.json in player_keys/
Saved Harold.json in player_keys/
Saved Walter.json in player_keys/
Querying server: 38.40.74.41:27020
Saved Reloaded-HLTV.json in player_keys/
Saved Reloaded-Staff.json in player_keys/
Saved EYY_TRUMP_sen_kimsin.json in player_keys/
Saved Laranjo.json in player_keys/
Saved G-Man.json in player_keys/
Saved Mario.json in player_keys/
Saved MasterChief.json in player_keys/
Saved QuestionMarkBlock.json in player_keys/
Saved MichaelRomeo.json in player_keys/
Saved DukeNukem.json in player_keys/
Saved NintendoHater.json in player_keys/
Saved JackSkellington.json in player_keys/
Saved Playa.json in player_keys/
Saved DaleCooper.json in player_keys/
Saved MSNMessenger.json in player_keys/
Querying server: 45.77.162.42:27015
Saved n00b_h8ter.json in player_keys/
Saved USuck.json in player_keys/
Saved Alfonzo.json in player_keys/
Saved Rosco.json in player_keys/
Saved Stimpy.json in player_keys/
Saved Kenny.json in player_keys/
Saved Dotcom.json in player_keys/
Saved Brit.json in player_keys/
Saved Katz.json in player_keys/
Saved Albert.json in player_keys/
Querying server: 5.59.241.188:27015
Saved MaTTy.json in player_keys/
Saved Gibbs.json in player_keys/
Saved Smett.json in player_keys/
Saved jhood.json in player_keys/
Saved PV-XR.json in player_keys/
Saved Dawn.json in player_keys/
Saved Dragonair.json in player_keys/
Saved wolfeet1337.json in player_keys/
Saved tiffler-XR.json in player_keys/
Saved C69420.json in player_keys/
Querying server: 51.195.252.162:27020
Querying server: 192.248.163.247:27020
Querying server: 82.165.193.67:27015
Saved FrederickBarbarossa.json in player_keys/
Saved HughCountofVermandois.json in player_keys/
Saved VascodaGama.json in player_keys/
Saved HenrytheYoungKing.json in player_keys/
Saved GodfreyofBouillon.json in player_keys/
Saved RobertGuiscarddeHauteville.json in player_keys/
Saved Tancred.json in player_keys/
Saved WilliamtheConqueror.json in player_keys/
Saved ThomasBecket.json in player_keys/
Saved DenzilHolles.json in player_keys/
Saved JoscelinI.json in player_keys/
Saved PetertheHermit.json in player_keys/
Saved HenrytheNavigator.json in player_keys/
Saved BaldwinofBoulogne.json in player_keys/
Saved HenryIreton.json in player_keys/
Querying server: 178.32.3.3:27013
Querying server: 145.239.6.111:27050
Querying server: 88.97.252.184:27015
Saved Cartman.json in player_keys/
Saved Kyle.json in player_keys/
Saved Stan.json in player_keys/
Saved Jimbo.json in player_keys/
Saved Ned.json in player_keys/
Saved Butters.json in player_keys/
Saved Tweak.json in player_keys/
Querying server: 145.239.6.180:27000
Saved TFPugsSOUTHEASTHLTV.json in player_keys/
Querying server: 188.165.244.220:27030
Saved RoystonVaseyTV.json in player_keys/
Querying server: 5.196.63.134:27015
Saved WORLDSbestskillServertv.json in player_keys/
Saved JuliuS_CaesaR.json in player_keys/
Saved chinodechina.json in player_keys/
Querying server: 194.163.156.183:27015
Querying server: 217.160.162.135:27019
Querying server: 79.207.101.159:27017
Saved NXS.json in player_keys/
Saved TheDevil.json in player_keys/
Saved Ian.json in player_keys/
Saved Carly.json in player_keys/
Saved BigDaddy.json in player_keys/
Saved Earp.json in player_keys/
Querying server: 4.185.106.208:27115
Querying server: 89.36.216.8:27017
Saved ElLobstero.json in player_keys/
Saved CheatsRGay.json in player_keys/
Saved SPACEY.json in player_keys/
Saved FootJob.json in player_keys/
Saved Mooglef.json in player_keys/
Querying server: 116.202.113.54:27015
Saved TVS.json in player_keys/
Saved M0rph1n3.json in player_keys/
Saved John_McClane.json in player_keys/
Saved SAS_Commando.json in player_keys/
Saved Seven_of_Nine.json in player_keys/
Saved Titan.json in player_keys/
Saved Barry_Gibb.json in player_keys/
Saved Frank_Drebin.json in player_keys/
Saved HeadShot.json in player_keys/
Saved Ten_Cents.json in player_keys/
Saved SWAT-Kats.json in player_keys/
Querying server: 94.130.132.169:27079
Saved Timmy.json in player_keys/
Saved WinME.json in player_keys/
Saved Spanka.json in player_keys/
Querying server: 116.202.113.50:27115
Saved ElonMusk.json in player_keys/
Querying server: 136.243.174.101:27216
Querying server: 213.133.103.125:27185
Saved ureX.json in player_keys/
Saved dedyl9D.json in player_keys/
Saved static.json in player_keys/
Saved Fuckingdoit.json in player_keys/
Saved SOBOx.json in player_keys/
Saved RuSlanKZ.json in player_keys/
Saved popkorn.json in player_keys/
Saved Exclusive_player.json in player_keys/
Saved 4eter.json in player_keys/
Saved Gamer_VampiR.json in player_keys/
Saved NotoriouS.json in player_keys/
Saved yuliya.json in player_keys/
Querying server: 89.179.240.119:27065
Querying server: 70.34.244.247:27915
Saved Friedlich_in_die_Katastrophe.json in player_keys/
Saved JuLaN.json in player_keys/
Querying server: 220.130.108.125:27012
Querying server: 181.192.79.104:27024
Saved hAFFERNAN.json in player_keys/
Saved Melle4x.json in player_keys/
Querying server: 121.99.240.213:27018
Querying server: 13.236.204.222:27016
Querying server: 202.169.104.136:43216
Querying server: 51.161.212.218:27020
Querying server: 169.254.24.41:45792
Saved LMFCrow.json in player_keys/
Saved LMFSpeedFire.json in player_keys/
Saved -GY-Godman.json in player_keys/
Saved LMFEve.json in player_keys/
Saved -GY-Mooneyes.json in player_keys/
Saved LMFRaptor.json in player_keys/
Saved LMFPenny.json in player_keys/
Saved -GY-JERFER.json in player_keys/
Saved -GY-MatsuTakako.json in player_keys/
Saved LMFLzy.json in player_keys/
Saved LMFT.json in player_keys/
Saved -GY-Madcat.json in player_keys/
Saved -GY-Timo.json in player_keys/
Saved LMFDYNASTY.json in player_keys/
Saved LMFBueBueMn.json in player_keys/
Saved LMF87speed.json in player_keys/
Saved LMFspeed-fire_.json in player_keys/
Saved -GY--2001-.json in player_keys/
Saved LMFDenny.json in player_keys/
Saved VOMTITANYO.json in player_keys/
Saved Wolf.json in player_keys/
Saved mRbr0wN.json in player_keys/
Saved Glenis.json in player_keys/
Saved Chickenlegs.json in player_keys/
Saved geniousatwork.json in player_keys/
Saved Terminator.json in player_keys/
Saved RebelKid.json in player_keys/
Saved tibu.json in player_keys/
Failed to query server at 76.195.132.49:25590: timed out
Failed to query server at 24.166.16.145:27015: timed out
Failed to query server at 5.59.241.188:27015: timed out
Failed to query server at 79.207.101.159:27017: timed out
Failed to query server at 169.254.24.41:45792: timed out

All player data has been saved individually in the player_keys/ folder.
2025-01-23 10:28:18 - 2_scraper2.py executed successfully.
2025-01-23 10:28:18 - Executing 3_test_fancoin.py...
Traceback (most recent call last):
  File "/home/devuan/Desktop/dev/Solana_Dev/fancoin/scripts/3_test_fancoin.py", line 365, in main
    await register_player_pda(
  File "/home/devuan/Desktop/dev/Solana_Dev/fancoin/scripts/3_test_fancoin.py", line 235, in register_player_pda
    tx_sig = await program.rpc["register_player_pda"](
             ^^^^^^^^^^^^^^^^^^^^^^^^^^^^^^^^^^^^^^^^^
  File "/home/devuan/Desktop/dev/Solana_Dev/venv2/lib/python3.11/site-packages/anchorpy/program/namespace/rpc.py", line 58, in rpc_fn
    tx = tx_fn(
         ^^^^^^
  File "/home/devuan/Desktop/dev/Solana_Dev/venv2/lib/python3.11/site-packages/anchorpy/program/namespace/transaction.py", line 56, in tx_fn
    ixns.append(ix_fn(*args, ctx=ctx))
                ^^^^^^^^^^^^^^^^^^^^^
  File "/home/devuan/Desktop/dev/Solana_Dev/venv2/lib/python3.11/site-packages/anchorpy/program/namespace/instruction.py", line 64, in __call__
    validate_accounts(self.idl_ix.accounts, ctx.accounts)
  File "/home/devuan/Desktop/dev/Solana_Dev/venv2/lib/python3.11/site-packages/anchorpy/program/common.py", line 76, in validate_accounts
    raise ValueError(f"Invalid arguments: {acc_name} not provided")
ValueError: Invalid arguments: player_name_pda not provided
Setting up provider and loading program...
Program loaded successfully.
Initializing DApp account...
DApp PDA: pgR7gQmWjRC99twVwnB2v51iUPVne6gGVt6wQNv1NWD, Bump: 254
DApp initialized successfully. Transaction Signature: 2T17khmTAGKC75pXQsdeY1e1f625ZjGY3Eb6Yqr8hv5rTbUp3vd5qarW2QdXBBJTfFJPqTKBGu3GzvZtrMarEgs2

Initializing Mint for DApp...
InitializeMint => Transaction Signature: 5LmNtULM2ECy1uq7vZJGWfKQvT97Y36pom8sLKLTHc4MQ5DBT5Si4vqnAkC7C17G8sGs2mF4YE3kff5LTR4kBA8D
The variable has been written to output.txt

Initializing Game account...
Game PDA: 3vEkrbp9HCRPs1YMWeb3mk3sRa3EZKv4gCjXNyuW6cNe, Bump: 255
Game initialized successfully. Transaction Signature: 36VssGofhzRMRGhAnBVrCTddS3hc6U5ChaNLp3Mre22RAvqJ3wEymXHMmsLgnV9W6bRPMb2tCqcFVYAv51H5bgga

Registering a new Validator PDA (user-based seeds)...
[DEBUG] Derived validator_pda = AeyppVe3FdjDpiF9HtBTiDdWXCfZ6qjyfGDNcTSL3zFF, Bump = 251
ValidatorPda registered. Tx Sig: sU88HuiY2pVXLTcZwQg2KckgasXQyqz6bBMksAguUz9jvtcatM9JgMTKb3KQTWaqrZKEEQoQHqqB26KyLZQG55D

Punching In as Validator...
Punched in successfully. Transaction Signature: 2ziwe7SyYcnNRqGLyYVFEJi8DfDizGA8Apx9gLFqMEq2vwFzZi3kuPXhTA5gi4qc2N5AZai2przy2m2wjCZfHyLv

Registering a new Player PDA...
[DEBUG] dapp.global_player_count = 0
[DEBUG] Derived player_pda = HxEUP5whv4KdhM7xR7Zpd4iJ2tG4wxvPymii39ZUD9pT, Bump = 255
[DEBUG] Derived user_ata = 2jpnzvAdF9bGcy6H4aQsbJG1LQDdWXT2YnWPYDTTmogq
An unexpected error occurred.
Invalid arguments: player_name_pda not provided
Closed Solana RPC client.
2025-01-23 10:28:22 - 3_test_fancoin.py executed successfully.
